Waf: Entering directory `/media/DATI/tortelli/Simulazioni_BF_SpecialIssue/ndnSIM_Routing_NewBf/ns-3/build'
Waf: Leaving directory `/media/DATI/tortelli/Simulazioni_BF_SpecialIssue/ndnSIM_Routing_NewBf/ns-3/build'
'build' finished successfully (0.573s)
The total number of nodes is:	22
CHOSEN REPOSITORY:	17
CHOSEN REPOSITORY:	5
FILTER LENGTH [bit]:	162824
HASH FUNCTIONS:	2
FILTER LENGTH WITH CELL WIDTH[bit]:	325648
FILTER LENGTH [bit]:	162824
HASH FUNCTIONS:	2
FILTER LENGTH WITH CELL WIDTH[bit]:	325648
FILTER LENGTH [bit]:	162824
HASH FUNCTIONS:	2
FILTER LENGTH WITH CELL WIDTH[bit]:	325648
FILTER LENGTH [bit]:	162824
HASH FUNCTIONS:	2
FILTER LENGTH WITH CELL WIDTH[bit]:	325648
FILTER LENGTH [bit]:	162824
HASH FUNCTIONS:	2
FILTER LENGTH WITH CELL WIDTH[bit]:	325648
FILTER LENGTH [bit]:	162824
HASH FUNCTIONS:	2
FILTER LENGTH WITH CELL WIDTH[bit]:	325648
FILTER LENGTH [bit]:	162824
HASH FUNCTIONS:	2
FILTER LENGTH WITH CELL WIDTH[bit]:	325648
FILTER LENGTH [bit]:	162824
HASH FUNCTIONS:	2
FILTER LENGTH WITH CELL WIDTH[bit]:	325648
FILTER LENGTH [bit]:	162824
HASH FUNCTIONS:	2
FILTER LENGTH WITH CELL WIDTH[bit]:	325648
FILTER LENGTH [bit]:	162824
HASH FUNCTIONS:	2
FILTER LENGTH WITH CELL WIDTH[bit]:	325648
FILTER LENGTH [bit]:	162824
HASH FUNCTIONS:	2
FILTER LENGTH WITH CELL WIDTH[bit]:	325648
FILTER LENGTH [bit]:	162824
HASH FUNCTIONS:	2
FILTER LENGTH WITH CELL WIDTH[bit]:	325648
FILTER LENGTH [bit]:	162824
HASH FUNCTIONS:	2
FILTER LENGTH WITH CELL WIDTH[bit]:	325648
FILTER LENGTH [bit]:	162824
HASH FUNCTIONS:	2
FILTER LENGTH WITH CELL WIDTH[bit]:	325648
FILTER LENGTH [bit]:	162824
HASH FUNCTIONS:	2
FILTER LENGTH WITH CELL WIDTH[bit]:	325648
FILTER LENGTH [bit]:	162824
HASH FUNCTIONS:	2
FILTER LENGTH WITH CELL WIDTH[bit]:	325648
FILTER LENGTH [bit]:	162824
HASH FUNCTIONS:	2
FILTER LENGTH WITH CELL WIDTH[bit]:	325648
FILTER LENGTH [bit]:	162824
HASH FUNCTIONS:	2
FILTER LENGTH WITH CELL WIDTH[bit]:	325648
FILTER LENGTH [bit]:	162824
HASH FUNCTIONS:	2
FILTER LENGTH WITH CELL WIDTH[bit]:	325648
FILTER LENGTH [bit]:	162824
HASH FUNCTIONS:	2
FILTER LENGTH WITH CELL WIDTH[bit]:	325648
FILTER LENGTH [bit]:	162824
HASH FUNCTIONS:	2
FILTER LENGTH WITH CELL WIDTH[bit]:	325648
FILTER LENGTH [bit]:	162824
HASH FUNCTIONS:	2
FILTER LENGTH WITH CELL WIDTH[bit]:	325648
The number of consumer is:	20
Il Valore di Alpha è:1
Il Valore di Alpha è:1
Il Valore di Alpha è:1
Il Valore di Alpha è:1
Il Valore di Alpha è:1
Il Valore di Alpha è:1
Il Valore di Alpha è:1
Il Valore di Alpha è:1
Il Valore di Alpha è:1
Il Valore di Alpha è:1
Il Valore di Alpha è:1
Il Valore di Alpha è:1
Il Valore di Alpha è:1
Il Valore di Alpha è:1
Il Valore di Alpha è:1
Il Valore di Alpha è:1
Il Valore di Alpha è:1
Il Valore di Alpha è:1
Il Valore di Alpha è:1
Il Valore di Alpha è:1
NODE:	3	 APP-LAYER RECEIVED DATA:	/150	2006047
NODE:	6	 APP-LAYER RECEIVED DATA:	/1528	2006048
NODE:	15	 APP-LAYER RECEIVED DATA:	/491	2010047
NODE:	14	 APP-LAYER RECEIVED DATA:	/4344	2010048
NODE:	12	 APP-LAYER RECEIVED DATA:	/14	2094143
NODE:	8	 APP-LAYER RECEIVED DATA:	/1	3035992
NODE:	18	 APP-LAYER RECEIVED DATA:	/1	3042950
NODE:	19	 APP-LAYER RECEIVED DATA:	/8	3082912
NODE:	21	 APP-LAYER RECEIVED DATA:	/217	3330700
NODE:	13	 APP-LAYER RECEIVED DATA:	/15	3354917
NODE:	7	 APP-LAYER RECEIVED DATA:	/4832	3528511
NODE:	0	 APP-LAYER RECEIVED DATA:	/10966	3796586
NODE:	2	 APP-LAYER RECEIVED DATA:	/158	3844673
NODE:	4	 APP-LAYER RECEIVED DATA:	/1102	3850142
NODE:	1	 APP-LAYER RECEIVED DATA:	/92099	3863063
NODE:	16	 APP-LAYER RECEIVED DATA:	/12382	3928039
NODE:	9	 APP-LAYER RECEIVED DATA:	/4	4549828
NODE:	10	 APP-LAYER RECEIVED DATA:	/37194	4728684
NODE:	11	 APP-LAYER RECEIVED DATA:	/2	5797630
NODE:	20	 APP-LAYER RECEIVED DATA:	/237	7201251
NODE:	14	 APP-LAYER RECEIVED DATA:	/8905	98240912
NODE:	4	 APP-LAYER RECEIVED DATA:	/5005	123361648
NODE:	1	 APP-LAYER RECEIVED DATA:	/885	123434114
NODE:	3	 APP-LAYER RECEIVED DATA:	/1	126338088
NODE:	18	 APP-LAYER RECEIVED DATA:	/1256	133063621
NODE:	15	 APP-LAYER RECEIVED DATA:	/180	135393104
NODE:	13	 APP-LAYER RECEIVED DATA:	/2	138524864
NODE:	6	 APP-LAYER RECEIVED DATA:	/19	139973383
NODE:	7	 APP-LAYER RECEIVED DATA:	/1	142923883
NODE:	16	 APP-LAYER RECEIVED DATA:	/9	147416663
NODE:	8	 APP-LAYER RECEIVED DATA:	/6	152992095
NODE:	21	 APP-LAYER RECEIVED DATA:	/19	155694045
NODE:	0	 APP-LAYER RECEIVED DATA:	/58	157614392
NODE:	2	 APP-LAYER RECEIVED DATA:	/9330	165446495
NODE:	9	 APP-LAYER RECEIVED DATA:	/448	179860987
NODE:	20	 APP-LAYER RECEIVED DATA:	/2589	195827483
NODE:	11	 APP-LAYER RECEIVED DATA:	/1	204590977
NODE:	14	 APP-LAYER RECEIVED DATA:	/18857	206927765
NODE:	1	 APP-LAYER RECEIVED DATA:	/1	240000866
NODE:	4	 APP-LAYER RECEIVED DATA:	/640	243801722
NODE:	3	 APP-LAYER RECEIVED DATA:	/1	250843806
NODE:	18	 APP-LAYER RECEIVED DATA:	/103	251312096
NODE:	16	 APP-LAYER RECEIVED DATA:	/151	252598552
NODE:	15	 APP-LAYER RECEIVED DATA:	/1	259247392
NODE:	13	 APP-LAYER RECEIVED DATA:	/39046	261826455
NODE:	6	 APP-LAYER RECEIVED DATA:	/25	270556078
NODE:	7	 APP-LAYER RECEIVED DATA:	/37	276204066
NODE:	8	 APP-LAYER RECEIVED DATA:	/1	286213317
NODE:	0	 APP-LAYER RECEIVED DATA:	/87	301230874
NODE:	14	 APP-LAYER RECEIVED DATA:	/516	301358753
NODE:	21	 APP-LAYER RECEIVED DATA:	/103	313235682
NODE:	2	 APP-LAYER RECEIVED DATA:	/35	320297454
NODE:	9	 APP-LAYER RECEIVED DATA:	/2968	342479225
NODE:	4	 APP-LAYER RECEIVED DATA:	/3	356350019
NODE:	16	 APP-LAYER RECEIVED DATA:	/19	359917603
NODE:	18	 APP-LAYER RECEIVED DATA:	/3468	364207375
NODE:	11	 APP-LAYER RECEIVED DATA:	/2	365933943
NODE:	3	 APP-LAYER RECEIVED DATA:	/29	367796335
NODE:	15	 APP-LAYER RECEIVED DATA:	/59	370782439
NODE:	20	 APP-LAYER RECEIVED DATA:	/32790	370964640
NODE:	1	 APP-LAYER RECEIVED DATA:	/28130	376423293
NODE:	13	 APP-LAYER RECEIVED DATA:	/11	388364187
NODE:	14	 APP-LAYER RECEIVED DATA:	/41	392269815
NODE:	6	 APP-LAYER RECEIVED DATA:	/37	398865140
NODE:	7	 APP-LAYER RECEIVED DATA:	/344	400658697
NODE:	8	 APP-LAYER RECEIVED DATA:	/2	431600149
NODE:	0	 APP-LAYER RECEIVED DATA:	/109	435440531
NODE:	2	 APP-LAYER RECEIVED DATA:	/593	451023557
NODE:	4	 APP-LAYER RECEIVED DATA:	/67468	470514094
NODE:	21	 APP-LAYER RECEIVED DATA:	/66034	472382783
NODE:	3	 APP-LAYER RECEIVED DATA:	/15	478956747
NODE:	1	 APP-LAYER RECEIVED DATA:	/4	482844434
NODE:	18	 APP-LAYER RECEIVED DATA:	/9	484306751
NODE:	16	 APP-LAYER RECEIVED DATA:	/10670	488039539
NODE:	15	 APP-LAYER RECEIVED DATA:	/945	488286481
NODE:	9	 APP-LAYER RECEIVED DATA:	/3827	493896891
NODE:	14	 APP-LAYER RECEIVED DATA:	/3	497484237
NODE:	13	 APP-LAYER RECEIVED DATA:	/635	512262518
NODE:	11	 APP-LAYER RECEIVED DATA:	/5	519892301
NODE:	6	 APP-LAYER RECEIVED DATA:	/1	521177109
NODE:	7	 APP-LAYER RECEIVED DATA:	/1	530679561
NODE:	20	 APP-LAYER RECEIVED DATA:	/39	552358890
NODE:	8	 APP-LAYER RECEIVED DATA:	/17828	578868257
NODE:	0	 APP-LAYER RECEIVED DATA:	/3145	583108345
NODE:	4	 APP-LAYER RECEIVED DATA:	/1	586797168
NODE:	2	 APP-LAYER RECEIVED DATA:	/152	587789656
NODE:	1	 APP-LAYER RECEIVED DATA:	/39	597786856
NODE:	14	 APP-LAYER RECEIVED DATA:	/6333	601250830
NODE:	3	 APP-LAYER RECEIVED DATA:	/1	603207163
NODE:	21	 APP-LAYER RECEIVED DATA:	/2314	607456827
NODE:	16	 APP-LAYER RECEIVED DATA:	/4	609824228
NODE:	18	 APP-LAYER RECEIVED DATA:	/31	611847635
NODE:	15	 APP-LAYER RECEIVED DATA:	/289	615657684
NODE:	7	 APP-LAYER RECEIVED DATA:	/20471	640219564
NODE:	13	 APP-LAYER RECEIVED DATA:	/144	642262455
NODE:	9	 APP-LAYER RECEIVED DATA:	/7	645958841
NODE:	6	 APP-LAYER RECEIVED DATA:	/14651	646071457
NODE:	11	 APP-LAYER RECEIVED DATA:	/19109	683759570
NODE:	4	 APP-LAYER RECEIVED DATA:	/650	701998852
NODE:	14	 APP-LAYER RECEIVED DATA:	/23	706863291
NODE:	8	 APP-LAYER RECEIVED DATA:	/10315	712433159
NODE:	18	 APP-LAYER RECEIVED DATA:	/1	721519802
NODE:	0	 APP-LAYER RECEIVED DATA:	/93261	722691708
NODE:	2	 APP-LAYER RECEIVED DATA:	/3	723947231
NODE:	20	 APP-LAYER RECEIVED DATA:	/6	724784509
NODE:	3	 APP-LAYER RECEIVED DATA:	/880	725393657
NODE:	1	 APP-LAYER RECEIVED DATA:	/58042	728305778
NODE:	16	 APP-LAYER RECEIVED DATA:	/9	739692710
NODE:	15	 APP-LAYER RECEIVED DATA:	/16931	740136661
NODE:	21	 APP-LAYER RECEIVED DATA:	/31339	751439008
NODE:	6	 APP-LAYER RECEIVED DATA:	/67	751813864
NODE:	7	 APP-LAYER RECEIVED DATA:	/2	758932379
NODE:	13	 APP-LAYER RECEIVED DATA:	/114	762661246
NODE:	9	 APP-LAYER RECEIVED DATA:	/2217	807111867
NODE:	14	 APP-LAYER RECEIVED DATA:	/2	816264554
NODE:	4	 APP-LAYER RECEIVED DATA:	/3210	818343866
NODE:	3	 APP-LAYER RECEIVED DATA:	/5	833969111
NODE:	18	 APP-LAYER RECEIVED DATA:	/13901	841490097
NODE:	11	 APP-LAYER RECEIVED DATA:	/36	850108501
NODE:	16	 APP-LAYER RECEIVED DATA:	/15	850605832
NODE:	8	 APP-LAYER RECEIVED DATA:	/277	852608350
NODE:	1	 APP-LAYER RECEIVED DATA:	/17	856474659
NODE:	0	 APP-LAYER RECEIVED DATA:	/16801	856752867
NODE:	15	 APP-LAYER RECEIVED DATA:	/1	857870535
NODE:	2	 APP-LAYER RECEIVED DATA:	/14684	864869149
NODE:	7	 APP-LAYER RECEIVED DATA:	/54923	876235243
NODE:	6	 APP-LAYER RECEIVED DATA:	/450	885339223
NODE:	13	 APP-LAYER RECEIVED DATA:	/49	893684942
NODE:	20	 APP-LAYER RECEIVED DATA:	/7	894247735
NODE:	21	 APP-LAYER RECEIVED DATA:	/262	895343580
NODE:	14	 APP-LAYER RECEIVED DATA:	/59	920285036
NODE:	4	 APP-LAYER RECEIVED DATA:	/5	936883221
NODE:	18	 APP-LAYER RECEIVED DATA:	/85	947171550
NODE:	3	 APP-LAYER RECEIVED DATA:	/7	966015361
NODE:	9	 APP-LAYER RECEIVED DATA:	/88116	968898329
NODE:	16	 APP-LAYER RECEIVED DATA:	/10	969833675
NODE:	1	 APP-LAYER RECEIVED DATA:	/5836	977893558
NODE:	15	 APP-LAYER RECEIVED DATA:	/19	981105246
NODE:	0	 APP-LAYER RECEIVED DATA:	/1	984219370
NODE:	6	 APP-LAYER RECEIVED DATA:	/279	999353766
NODE:	2	 APP-LAYER RECEIVED DATA:	/4	1001110477
NODE:	7	 APP-LAYER RECEIVED DATA:	/22	1004915179
NODE:	11	 APP-LAYER RECEIVED DATA:	/5725	1007201316
NODE:	8	 APP-LAYER RECEIVED DATA:	/34	1011402846
NODE:	13	 APP-LAYER RECEIVED DATA:	/10	1019378316
NODE:	21	 APP-LAYER RECEIVED DATA:	/4	1023190420
NODE:	14	 APP-LAYER RECEIVED DATA:	/4394	1024281185
NODE:	20	 APP-LAYER RECEIVED DATA:	/19	1045480437
NODE:	4	 APP-LAYER RECEIVED DATA:	/11	1052255933
NODE:	18	 APP-LAYER RECEIVED DATA:	/4	1059192297
NODE:	16	 APP-LAYER RECEIVED DATA:	/3	1087470160
NODE:	3	 APP-LAYER RECEIVED DATA:	/39374	1088096740
NODE:	15	 APP-LAYER RECEIVED DATA:	/67431	1095998424
NODE:	1	 APP-LAYER RECEIVED DATA:	/8	1104676390
NODE:	0	 APP-LAYER RECEIVED DATA:	/866	1113053771
NODE:	9	 APP-LAYER RECEIVED DATA:	/22	1118576096
NODE:	6	 APP-LAYER RECEIVED DATA:	/2310	1123451679
NODE:	7	 APP-LAYER RECEIVED DATA:	/111	1123553378
NODE:	14	 APP-LAYER RECEIVED DATA:	/2	1131660799
NODE:	13	 APP-LAYER RECEIVED DATA:	/2559	1138623431
NODE:	8	 APP-LAYER RECEIVED DATA:	/17161	1145101420
NODE:	2	 APP-LAYER RECEIVED DATA:	/157	1148846843
NODE:	11	 APP-LAYER RECEIVED DATA:	/888	1149594515
NODE:	4	 APP-LAYER RECEIVED DATA:	/156	1154418680
NODE:	21	 APP-LAYER RECEIVED DATA:	/9	1162487474
NODE:	18	 APP-LAYER RECEIVED DATA:	/83	1180745939
NODE:	3	 APP-LAYER RECEIVED DATA:	/13	1199237091
NODE:	20	 APP-LAYER RECEIVED DATA:	/49393	1204450967
NODE:	16	 APP-LAYER RECEIVED DATA:	/20069	1207667689
NODE:	15	 APP-LAYER RECEIVED DATA:	/2	1214032189
NODE:	1	 APP-LAYER RECEIVED DATA:	/1	1217847564
NODE:	14	 APP-LAYER RECEIVED DATA:	/22715	1228340857
NODE:	7	 APP-LAYER RECEIVED DATA:	/15750	1228960773
NODE:	6	 APP-LAYER RECEIVED DATA:	/47	1245765460
NODE:	0	 APP-LAYER RECEIVED DATA:	/2048	1247200281
NODE:	9	 APP-LAYER RECEIVED DATA:	/2	1264032431
NODE:	13	 APP-LAYER RECEIVED DATA:	/2425	1275449671
NODE:	4	 APP-LAYER RECEIVED DATA:	/56145	1275920858
NODE:	2	 APP-LAYER RECEIVED DATA:	/99233	1279163329
NODE:	8	 APP-LAYER RECEIVED DATA:	/2310	1284938895
NODE:	21	 APP-LAYER RECEIVED DATA:	/47	1293657422
NODE:	18	 APP-LAYER RECEIVED DATA:	/3669	1296096520
NODE:	11	 APP-LAYER RECEIVED DATA:	/42	1307470145
NODE:	3	 APP-LAYER RECEIVED DATA:	/8732	1311934980
NODE:	15	 APP-LAYER RECEIVED DATA:	/25	1327440906
NODE:	16	 APP-LAYER RECEIVED DATA:	/49	1331916526
NODE:	14	 APP-LAYER RECEIVED DATA:	/40	1335977107
NODE:	1	 APP-LAYER RECEIVED DATA:	/1241	1338853065
NODE:	7	 APP-LAYER RECEIVED DATA:	/23136	1342000693
NODE:	19	 APP-LAYER RECEIVED DATA:	/207	1353382756
NODE:	12	 APP-LAYER RECEIVED DATA:	/2118	1361034924
NODE:	20	 APP-LAYER RECEIVED DATA:	/12	1361596628
NODE:	6	 APP-LAYER RECEIVED DATA:	/764	1367042112
NODE:	0	 APP-LAYER RECEIVED DATA:	/48	1382118910
NODE:	13	 APP-LAYER RECEIVED DATA:	/1296	1387885258
NODE:	2	 APP-LAYER RECEIVED DATA:	/415	1388669563
NODE:	4	 APP-LAYER RECEIVED DATA:	/5	1392456904
NODE:	9	 APP-LAYER RECEIVED DATA:	/368	1425696654
NODE:	21	 APP-LAYER RECEIVED DATA:	/1690	1425819790
NODE:	18	 APP-LAYER RECEIVED DATA:	/4897	1427582448
NODE:	14	 APP-LAYER RECEIVED DATA:	/11	1428706246
NODE:	3	 APP-LAYER RECEIVED DATA:	/1	1432568761
NODE:	8	 APP-LAYER RECEIVED DATA:	/5	1436267161
NODE:	15	 APP-LAYER RECEIVED DATA:	/819	1446782301
NODE:	16	 APP-LAYER RECEIVED DATA:	/6	1450046230
NODE:	7	 APP-LAYER RECEIVED DATA:	/94420	1450058961
NODE:	12	 APP-LAYER RECEIVED DATA:	/35	1454810211
NODE:	11	 APP-LAYER RECEIVED DATA:	/1305	1460058627
NODE:	1	 APP-LAYER RECEIVED DATA:	/12076	1466750656
NODE:	6	 APP-LAYER RECEIVED DATA:	/66823	1474066061
NODE:	20	 APP-LAYER RECEIVED DATA:	/11	1497036553
NODE:	13	 APP-LAYER RECEIVED DATA:	/49	1509109375
NODE:	4	 APP-LAYER RECEIVED DATA:	/3	1513549123
NODE:	2	 APP-LAYER RECEIVED DATA:	/7	1515392534
NODE:	14	 APP-LAYER RECEIVED DATA:	/6427	1527883617
NODE:	0	 APP-LAYER RECEIVED DATA:	/1044	1533295653
NODE:	18	 APP-LAYER RECEIVED DATA:	/76072	1542953830
NODE:	3	 APP-LAYER RECEIVED DATA:	/21687	1543293683
NODE:	15	 APP-LAYER RECEIVED DATA:	/6588	1547738452
NODE:	16	 APP-LAYER RECEIVED DATA:	/190	1561182131
NODE:	21	 APP-LAYER RECEIVED DATA:	/43512	1563982480
NODE:	7	 APP-LAYER RECEIVED DATA:	/53	1567129891
NODE:	9	 APP-LAYER RECEIVED DATA:	/1566	1569728747
NODE:	12	 APP-LAYER RECEIVED DATA:	/117	1572160163
NODE:	8	 APP-LAYER RECEIVED DATA:	/1	1575858709
NODE:	6	 APP-LAYER RECEIVED DATA:	/129	1581154119
NODE:	1	 APP-LAYER RECEIVED DATA:	/503	1582136123
NODE:	11	 APP-LAYER RECEIVED DATA:	/1021	1607364507
NODE:	13	 APP-LAYER RECEIVED DATA:	/2	1620220924
NODE:	20	 APP-LAYER RECEIVED DATA:	/21067	1629957272
NODE:	14	 APP-LAYER RECEIVED DATA:	/156	1630017966
NODE:	4	 APP-LAYER RECEIVED DATA:	/41149	1632611273
NODE:	2	 APP-LAYER RECEIVED DATA:	/4	1633138582
NODE:	18	 APP-LAYER RECEIVED DATA:	/10	1651173263
NODE:	15	 APP-LAYER RECEIVED DATA:	/2	1657772107
NODE:	3	 APP-LAYER RECEIVED DATA:	/1	1659881973
NODE:	16	 APP-LAYER RECEIVED DATA:	/2	1667089025
NODE:	0	 APP-LAYER RECEIVED DATA:	/38	1669195175
NODE:	7	 APP-LAYER RECEIVED DATA:	/519	1683004456
NODE:	12	 APP-LAYER RECEIVED DATA:	/28757	1690564372
NODE:	8	 APP-LAYER RECEIVED DATA:	/518	1697581272
NODE:	1	 APP-LAYER RECEIVED DATA:	/60971	1697801987
NODE:	6	 APP-LAYER RECEIVED DATA:	/53	1699810251
NODE:	9	 APP-LAYER RECEIVED DATA:	/667	1702137324
NODE:	21	 APP-LAYER RECEIVED DATA:	/1	1706700112
NODE:	14	 APP-LAYER RECEIVED DATA:	/800	1725351537
NODE:	13	 APP-LAYER RECEIVED DATA:	/62	1732100144
NODE:	4	 APP-LAYER RECEIVED DATA:	/231	1745291564
NODE:	11	 APP-LAYER RECEIVED DATA:	/44102	1750068944
NODE:	2	 APP-LAYER RECEIVED DATA:	/99	1762768909
NODE:	18	 APP-LAYER RECEIVED DATA:	/1946	1766803097
NODE:	15	 APP-LAYER RECEIVED DATA:	/10148	1771005800
NODE:	16	 APP-LAYER RECEIVED DATA:	/44122	1781115306
NODE:	3	 APP-LAYER RECEIVED DATA:	/5	1785725836
NODE:	20	 APP-LAYER RECEIVED DATA:	/154	1787133678
NODE:	7	 APP-LAYER RECEIVED DATA:	/86802	1799520511
NODE:	1	 APP-LAYER RECEIVED DATA:	/7	1804212997
NODE:	0	 APP-LAYER RECEIVED DATA:	/65	1805812081
NODE:	12	 APP-LAYER RECEIVED DATA:	/46	1807860985
NODE:	19	 APP-LAYER RECEIVED DATA:	/18	1811162578
NODE:	6	 APP-LAYER RECEIVED DATA:	/427	1823282310
NODE:	14	 APP-LAYER RECEIVED DATA:	/3	1829821513
NODE:	8	 APP-LAYER RECEIVED DATA:	/12889	1831281752
NODE:	9	 APP-LAYER RECEIVED DATA:	/1827	1839842976
NODE:	21	 APP-LAYER RECEIVED DATA:	/608	1845617035
NODE:	13	 APP-LAYER RECEIVED DATA:	/18163	1857392045
NODE:	4	 APP-LAYER RECEIVED DATA:	/60	1863625628
NODE:	18	 APP-LAYER RECEIVED DATA:	/31	1885293938
NODE:	11	 APP-LAYER RECEIVED DATA:	/49	1888465323
NODE:	15	 APP-LAYER RECEIVED DATA:	/1	1889414217
NODE:	2	 APP-LAYER RECEIVED DATA:	/28	1901197592
NODE:	16	 APP-LAYER RECEIVED DATA:	/43635	1907068993
NODE:	3	 APP-LAYER RECEIVED DATA:	/964	1908978667
NODE:	7	 APP-LAYER RECEIVED DATA:	/2806	1909548589
NODE:	1	 APP-LAYER RECEIVED DATA:	/1	1926445680
NODE:	14	 APP-LAYER RECEIVED DATA:	/11	1928388105
NODE:	12	 APP-LAYER RECEIVED DATA:	/26	1928866688
NODE:	20	 APP-LAYER RECEIVED DATA:	/68	1932275657
NODE:	6	 APP-LAYER RECEIVED DATA:	/11177	1932303531
NODE:	0	 APP-LAYER RECEIVED DATA:	/18561	1946316156
NODE:	8	 APP-LAYER RECEIVED DATA:	/4732	1960586926
NODE:	21	 APP-LAYER RECEIVED DATA:	/353	1962931236
NODE:	19	 APP-LAYER RECEIVED DATA:	/18377	1965802697
NODE:	4	 APP-LAYER RECEIVED DATA:	/14126	1973246400
NODE:	13	 APP-LAYER RECEIVED DATA:	/4789	1974503953
NODE:	18	 APP-LAYER RECEIVED DATA:	/57	1994018875
NODE:	9	 APP-LAYER RECEIVED DATA:	/10528	1995212729
NODE:	16	 APP-LAYER RECEIVED DATA:	/23	2014797538
NODE:	15	 APP-LAYER RECEIVED DATA:	/2707	2016002809
NODE:	3	 APP-LAYER RECEIVED DATA:	/73	2017800704
NODE:	7	 APP-LAYER RECEIVED DATA:	/28839	2024290926
NODE:	2	 APP-LAYER RECEIVED DATA:	/14808	2030394863
NODE:	14	 APP-LAYER RECEIVED DATA:	/5	2034532488
NODE:	11	 APP-LAYER RECEIVED DATA:	/18	2036261611
NODE:	1	 APP-LAYER RECEIVED DATA:	/891	2036960399
NODE:	6	 APP-LAYER RECEIVED DATA:	/754	2039879032
NODE:	12	 APP-LAYER RECEIVED DATA:	/1152	2054191302
NODE:	0	 APP-LAYER RECEIVED DATA:	/9607	2075689520
NODE:	21	 APP-LAYER RECEIVED DATA:	/1930	2077474557
NODE:	4	 APP-LAYER RECEIVED DATA:	/335	2079137614
NODE:	20	 APP-LAYER RECEIVED DATA:	/47862	2084139715
NODE:	13	 APP-LAYER RECEIVED DATA:	/2	2084732961
NODE:	8	 APP-LAYER RECEIVED DATA:	/26	2086622623
NODE:	19	 APP-LAYER RECEIVED DATA:	/35186	2096353058
NODE:	18	 APP-LAYER RECEIVED DATA:	/36	2105175481
NODE:	15	 APP-LAYER RECEIVED DATA:	/137	2126179653
NODE:	16	 APP-LAYER RECEIVED DATA:	/12100	2133266842
NODE:	3	 APP-LAYER RECEIVED DATA:	/15621	2133633717
NODE:	14	 APP-LAYER RECEIVED DATA:	/4	2138143469
NODE:	9	 APP-LAYER RECEIVED DATA:	/147	2141265916
NODE:	7	 APP-LAYER RECEIVED DATA:	/2577	2145649805
NODE:	1	 APP-LAYER RECEIVED DATA:	/51869	2150332735
NODE:	6	 APP-LAYER RECEIVED DATA:	/2	2156235172
NODE:	12	 APP-LAYER RECEIVED DATA:	/682	2165387517
NODE:	2	 APP-LAYER RECEIVED DATA:	/526	2168307766
NODE:	11	 APP-LAYER RECEIVED DATA:	/194	2177011468
NODE:	10	 APP-LAYER RECEIVED DATA:	/391	2188405167
NODE:	13	 APP-LAYER RECEIVED DATA:	/10000	2199006086
NODE:	8	 APP-LAYER RECEIVED DATA:	/929	2200586188
NODE:	4	 APP-LAYER RECEIVED DATA:	/5	2205026257
NODE:	21	 APP-LAYER RECEIVED DATA:	/21	2205964986
NODE:	0	 APP-LAYER RECEIVED DATA:	/54434	2212710107
NODE:	18	 APP-LAYER RECEIVED DATA:	/44	2216972163
NODE:	20	 APP-LAYER RECEIVED DATA:	/571	2218580143
NODE:	19	 APP-LAYER RECEIVED DATA:	/2	2223228924
NODE:	3	 APP-LAYER RECEIVED DATA:	/22227	2237564500
NODE:	14	 APP-LAYER RECEIVED DATA:	/2	2242071237
NODE:	15	 APP-LAYER RECEIVED DATA:	/10959	2245267598
NODE:	7	 APP-LAYER RECEIVED DATA:	/19574	2251058161
NODE:	16	 APP-LAYER RECEIVED DATA:	/14	2257675325
NODE:	6	 APP-LAYER RECEIVED DATA:	/2	2261381621
NODE:	1	 APP-LAYER RECEIVED DATA:	/3	2266420317
NODE:	2	 APP-LAYER RECEIVED DATA:	/26	2283094435
NODE:	12	 APP-LAYER RECEIVED DATA:	/12	2288546507
NODE:	9	 APP-LAYER RECEIVED DATA:	/3	2293343177
NODE:	13	 APP-LAYER RECEIVED DATA:	/60	2311722220
NODE:	18	 APP-LAYER RECEIVED DATA:	/1	2325063475
NODE:	8	 APP-LAYER RECEIVED DATA:	/1	2325672809
NODE:	4	 APP-LAYER RECEIVED DATA:	/18	2327860604
NODE:	11	 APP-LAYER RECEIVED DATA:	/78	2328730279
NODE:	0	 APP-LAYER RECEIVED DATA:	/2114	2333494346
NODE:	10	 APP-LAYER RECEIVED DATA:	/234	2338209445
NODE:	21	 APP-LAYER RECEIVED DATA:	/80179	2341812716
NODE:	14	 APP-LAYER RECEIVED DATA:	/337	2343261848
NODE:	3	 APP-LAYER RECEIVED DATA:	/4	2352487471
NODE:	15	 APP-LAYER RECEIVED DATA:	/7861	2354257485
NODE:	20	 APP-LAYER RECEIVED DATA:	/105	2355060098
NODE:	19	 APP-LAYER RECEIVED DATA:	/1	2370078177
NODE:	16	 APP-LAYER RECEIVED DATA:	/9500	2372982365
NODE:	7	 APP-LAYER RECEIVED DATA:	/4030	2376767700
NODE:	6	 APP-LAYER RECEIVED DATA:	/8924	2380470886
NODE:	1	 APP-LAYER RECEIVED DATA:	/6727	2382122257
NODE:	12	 APP-LAYER RECEIVED DATA:	/6	2399328362
NODE:	2	 APP-LAYER RECEIVED DATA:	/38247	2410267612
NODE:	13	 APP-LAYER RECEIVED DATA:	/1	2428125139
NODE:	9	 APP-LAYER RECEIVED DATA:	/63477	2433991985
NODE:	18	 APP-LAYER RECEIVED DATA:	/1046	2435180085
NODE:	14	 APP-LAYER RECEIVED DATA:	/25	2442618263
NODE:	4	 APP-LAYER RECEIVED DATA:	/343	2442773194
NODE:	8	 APP-LAYER RECEIVED DATA:	/2	2447025230
NODE:	0	 APP-LAYER RECEIVED DATA:	/53	2447667798
NODE:	11	 APP-LAYER RECEIVED DATA:	/2	2462486403
NODE:	3	 APP-LAYER RECEIVED DATA:	/79	2466704775
NODE:	15	 APP-LAYER RECEIVED DATA:	/8	2472288395
NODE:	20	 APP-LAYER RECEIVED DATA:	/3	2481119294
NODE:	21	 APP-LAYER RECEIVED DATA:	/586	2481655045
NODE:	16	 APP-LAYER RECEIVED DATA:	/2	2483033498
NODE:	7	 APP-LAYER RECEIVED DATA:	/4	2487728754
NODE:	1	 APP-LAYER RECEIVED DATA:	/16	2495732040
NODE:	10	 APP-LAYER RECEIVED DATA:	/20103	2497090804
NODE:	6	 APP-LAYER RECEIVED DATA:	/19	2500332511
NODE:	12	 APP-LAYER RECEIVED DATA:	/3	2507321833
NODE:	14	 APP-LAYER RECEIVED DATA:	/340	2526211428
NODE:	19	 APP-LAYER RECEIVED DATA:	/15	2526279382
NODE:	2	 APP-LAYER RECEIVED DATA:	/41	2537425054
NODE:	18	 APP-LAYER RECEIVED DATA:	/23	2547031943
NODE:	13	 APP-LAYER RECEIVED DATA:	/25	2548416561
NODE:	4	 APP-LAYER RECEIVED DATA:	/191	2553472041
NODE:	8	 APP-LAYER RECEIVED DATA:	/1569	2562614002
NODE:	9	 APP-LAYER RECEIVED DATA:	/1	2575510142
NODE:	3	 APP-LAYER RECEIVED DATA:	/355	2576351438
NODE:	15	 APP-LAYER RECEIVED DATA:	/4214	2580112878
NODE:	0	 APP-LAYER RECEIVED DATA:	/20925	2581031458
NODE:	16	 APP-LAYER RECEIVED DATA:	/57570	2593366455
NODE:	7	 APP-LAYER RECEIVED DATA:	/57168	2595637554
NODE:	20	 APP-LAYER RECEIVED DATA:	/659	2600978219
NODE:	11	 APP-LAYER RECEIVED DATA:	/158	2611939365
NODE:	1	 APP-LAYER RECEIVED DATA:	/10	2615341569
NODE:	21	 APP-LAYER RECEIVED DATA:	/5	2615657976
NODE:	6	 APP-LAYER RECEIVED DATA:	/1	2617823108
NODE:	12	 APP-LAYER RECEIVED DATA:	/43730	2618356308
NODE:	14	 APP-LAYER RECEIVED DATA:	/111	2623419481
NODE:	10	 APP-LAYER RECEIVED DATA:	/27829	2629142812
NODE:	13	 APP-LAYER RECEIVED DATA:	/1	2659713061
NODE:	18	 APP-LAYER RECEIVED DATA:	/8446	2667690505
NODE:	2	 APP-LAYER RECEIVED DATA:	/14128	2671152280
NODE:	4	 APP-LAYER RECEIVED DATA:	/59317	2673309446
NODE:	15	 APP-LAYER RECEIVED DATA:	/1447	2675996354
NODE:	19	 APP-LAYER RECEIVED DATA:	/268	2685498183
NODE:	8	 APP-LAYER RECEIVED DATA:	/206	2692388842
NODE:	3	 APP-LAYER RECEIVED DATA:	/1	2696402245
NODE:	0	 APP-LAYER RECEIVED DATA:	/1	2707341761
NODE:	7	 APP-LAYER RECEIVED DATA:	/64	2709451545
NODE:	16	 APP-LAYER RECEIVED DATA:	/5324	2715783262
NODE:	6	 APP-LAYER RECEIVED DATA:	/49	2721633984
NODE:	1	 APP-LAYER RECEIVED DATA:	/43	2724047461
NODE:	9	 APP-LAYER RECEIVED DATA:	/3	2724670675
NODE:	14	 APP-LAYER RECEIVED DATA:	/83	2725574641
NODE:	12	 APP-LAYER RECEIVED DATA:	/9318	2730099019
NODE:	21	 APP-LAYER RECEIVED DATA:	/2	2751687415
NODE:	20	 APP-LAYER RECEIVED DATA:	/42207	2756736962
NODE:	11	 APP-LAYER RECEIVED DATA:	/278	2758897178
NODE:	13	 APP-LAYER RECEIVED DATA:	/32099	2774877917
NODE:	18	 APP-LAYER RECEIVED DATA:	/100	2777564248
NODE:	4	 APP-LAYER RECEIVED DATA:	/10821	2778334789
NODE:	10	 APP-LAYER RECEIVED DATA:	/61	2780966358
NODE:	15	 APP-LAYER RECEIVED DATA:	/6194	2796463534
NODE:	2	 APP-LAYER RECEIVED DATA:	/3607	2800964290
NODE:	3	 APP-LAYER RECEIVED DATA:	/8166	2805808824
NODE:	19	 APP-LAYER RECEIVED DATA:	/248	2810959404
NODE:	7	 APP-LAYER RECEIVED DATA:	/59414	2823619613
NODE:	12	 APP-LAYER RECEIVED DATA:	/3	2832102532
NODE:	8	 APP-LAYER RECEIVED DATA:	/11795	2832238303
NODE:	16	 APP-LAYER RECEIVED DATA:	/24	2838679753
NODE:	0	 APP-LAYER RECEIVED DATA:	/3217	2838737120
NODE:	1	 APP-LAYER RECEIVED DATA:	/85087	2839067781
NODE:	14	 APP-LAYER RECEIVED DATA:	/4090	2841038546
NODE:	6	 APP-LAYER RECEIVED DATA:	/11178	2842399022
NODE:	9	 APP-LAYER RECEIVED DATA:	/1	2864718256
NODE:	21	 APP-LAYER RECEIVED DATA:	/7	2876336851
NODE:	20	 APP-LAYER RECEIVED DATA:	/16	2881799191
NODE:	4	 APP-LAYER RECEIVED DATA:	/82	2891155818
NODE:	11	 APP-LAYER RECEIVED DATA:	/35554	2892956586
NODE:	18	 APP-LAYER RECEIVED DATA:	/1853	2894639337
NODE:	13	 APP-LAYER RECEIVED DATA:	/93	2902350139
NODE:	15	 APP-LAYER RECEIVED DATA:	/8511	2912106679
NODE:	10	 APP-LAYER RECEIVED DATA:	/1	2914662153
NODE:	2	 APP-LAYER RECEIVED DATA:	/24767	2915247092
NODE:	3	 APP-LAYER RECEIVED DATA:	/133	2931398191
NODE:	14	 APP-LAYER RECEIVED DATA:	/5	2933133968
NODE:	19	 APP-LAYER RECEIVED DATA:	/1	2933142526
NODE:	7	 APP-LAYER RECEIVED DATA:	/8	2941828389
NODE:	12	 APP-LAYER RECEIVED DATA:	/127	2944876542
NODE:	16	 APP-LAYER RECEIVED DATA:	/29713	2945422239
NODE:	1	 APP-LAYER RECEIVED DATA:	/9418	2956175386
NODE:	6	 APP-LAYER RECEIVED DATA:	/66	2957013562
NODE:	8	 APP-LAYER RECEIVED DATA:	/2	2958226010
NODE:	0	 APP-LAYER RECEIVED DATA:	/51	2973571762
NODE:	9	 APP-LAYER RECEIVED DATA:	/5150	2992652134
NODE:	18	 APP-LAYER RECEIVED DATA:	/152	3002605197
NODE:	4	 APP-LAYER RECEIVED DATA:	/164	3006160233
NODE:	21	 APP-LAYER RECEIVED DATA:	/645	3009357745
NODE:	13	 APP-LAYER RECEIVED DATA:	/29180	3012194891
NODE:	11	 APP-LAYER RECEIVED DATA:	/25389	3019561173
NODE:	15	 APP-LAYER RECEIVED DATA:	/12759	3020606659
NODE:	2	 APP-LAYER RECEIVED DATA:	/1	3028470379
NODE:	14	 APP-LAYER RECEIVED DATA:	/5	3029498821
NODE:	20	 APP-LAYER RECEIVED DATA:	/139	3033376723
NODE:	10	 APP-LAYER RECEIVED DATA:	/13050	3050227311
NODE:	7	 APP-LAYER RECEIVED DATA:	/2	3052197374
NODE:	19	 APP-LAYER RECEIVED DATA:	/644	3053597681
NODE:	12	 APP-LAYER RECEIVED DATA:	/1	3057829435
NODE:	16	 APP-LAYER RECEIVED DATA:	/94	3058924662
NODE:	3	 APP-LAYER RECEIVED DATA:	/4184	3061098702
NODE:	1	 APP-LAYER RECEIVED DATA:	/1	3066655479
NODE:	8	 APP-LAYER RECEIVED DATA:	/25792	3067041933
NODE:	6	 APP-LAYER RECEIVED DATA:	/611	3079006213
NODE:	0	 APP-LAYER RECEIVED DATA:	/2616	3095052253
NODE:	18	 APP-LAYER RECEIVED DATA:	/9	3117220134
NODE:	4	 APP-LAYER RECEIVED DATA:	/45111	3119412847
NODE:	9	 APP-LAYER RECEIVED DATA:	/886	3124661119
NODE:	14	 APP-LAYER RECEIVED DATA:	/5	3130307485
NODE:	13	 APP-LAYER RECEIVED DATA:	/2444	3132639354
NODE:	15	 APP-LAYER RECEIVED DATA:	/115	3145302885
NODE:	21	 APP-LAYER RECEIVED DATA:	/1933	3149044286
NODE:	2	 APP-LAYER RECEIVED DATA:	/5464	3151163008
NODE:	11	 APP-LAYER RECEIVED DATA:	/67	3151978432
NODE:	16	 APP-LAYER RECEIVED DATA:	/754	3167956963
NODE:	12	 APP-LAYER RECEIVED DATA:	/323	3168427137
NODE:	20	 APP-LAYER RECEIVED DATA:	/238	3168958625
NODE:	7	 APP-LAYER RECEIVED DATA:	/30	3170403779
NODE:	3	 APP-LAYER RECEIVED DATA:	/28092	3178543929
NODE:	19	 APP-LAYER RECEIVED DATA:	/582	3179976512
NODE:	1	 APP-LAYER RECEIVED DATA:	/1	3181325897
NODE:	8	 APP-LAYER RECEIVED DATA:	/1	3184702567
NODE:	6	 APP-LAYER RECEIVED DATA:	/26	3186021723
NODE:	10	 APP-LAYER RECEIVED DATA:	/2667	3186531330
NODE:	4	 APP-LAYER RECEIVED DATA:	/102537	3216798153
NODE:	14	 APP-LAYER RECEIVED DATA:	/1928	3224018926
NODE:	0	 APP-LAYER RECEIVED DATA:	/31160	3224142757
NODE:	18	 APP-LAYER RECEIVED DATA:	/1	3234496519
NODE:	13	 APP-LAYER RECEIVED DATA:	/1	3246439462
NODE:	9	 APP-LAYER RECEIVED DATA:	/353	3257389860
NODE:	15	 APP-LAYER RECEIVED DATA:	/20	3268000158
NODE:	16	 APP-LAYER RECEIVED DATA:	/3428	3276253180
NODE:	7	 APP-LAYER RECEIVED DATA:	/51	3278787091
NODE:	12	 APP-LAYER RECEIVED DATA:	/1062	3281855244
NODE:	21	 APP-LAYER RECEIVED DATA:	/8	3285363755
NODE:	3	 APP-LAYER RECEIVED DATA:	/97	3287030830
NODE:	2	 APP-LAYER RECEIVED DATA:	/44644	3290048737
NODE:	8	 APP-LAYER RECEIVED DATA:	/10967	3291109272
NODE:	1	 APP-LAYER RECEIVED DATA:	/18445	3292844270
NODE:	6	 APP-LAYER RECEIVED DATA:	/21910	3295984623
NODE:	11	 APP-LAYER RECEIVED DATA:	/15246	3299112210
NODE:	19	 APP-LAYER RECEIVED DATA:	/187	3299484949
NODE:	20	 APP-LAYER RECEIVED DATA:	/26084	3309101759
NODE:	10	 APP-LAYER RECEIVED DATA:	/11	3314800976
NODE:	4	 APP-LAYER RECEIVED DATA:	/7	3327158351
NODE:	14	 APP-LAYER RECEIVED DATA:	/282	3328962626
NODE:	0	 APP-LAYER RECEIVED DATA:	/2346	3339828666
NODE:	18	 APP-LAYER RECEIVED DATA:	/7259	3350965768
NODE:	13	 APP-LAYER RECEIVED DATA:	/1193	3352964472
NODE:	15	 APP-LAYER RECEIVED DATA:	/89127	3374464351
NODE:	16	 APP-LAYER RECEIVED DATA:	/245	3381543021
NODE:	9	 APP-LAYER RECEIVED DATA:	/580	3386456243
NODE:	7	 APP-LAYER RECEIVED DATA:	/4	3393589625
NODE:	1	 APP-LAYER RECEIVED DATA:	/681	3394626629
NODE:	3	 APP-LAYER RECEIVED DATA:	/35	3394677546
NODE:	12	 APP-LAYER RECEIVED DATA:	/191	3399857465
NODE:	21	 APP-LAYER RECEIVED DATA:	/3905	3410200677
NODE:	6	 APP-LAYER RECEIVED DATA:	/97870	3412146277
NODE:	8	 APP-LAYER RECEIVED DATA:	/2472	3412951641
NODE:	2	 APP-LAYER RECEIVED DATA:	/10056	3419663725
NODE:	19	 APP-LAYER RECEIVED DATA:	/22385	3425765506
NODE:	14	 APP-LAYER RECEIVED DATA:	/165	3428299965
NODE:	11	 APP-LAYER RECEIVED DATA:	/24750	3437768769
NODE:	4	 APP-LAYER RECEIVED DATA:	/2297	3437796501
NODE:	10	 APP-LAYER RECEIVED DATA:	/4398	3443731122
NODE:	18	 APP-LAYER RECEIVED DATA:	/21224	3456301320
NODE:	20	 APP-LAYER RECEIVED DATA:	/376	3458862086
NODE:	0	 APP-LAYER RECEIVED DATA:	/150	3465912793
NODE:	13	 APP-LAYER RECEIVED DATA:	/42294	3480002049
NODE:	15	 APP-LAYER RECEIVED DATA:	/4307	3481004168
NODE:	16	 APP-LAYER RECEIVED DATA:	/60	3495479501
NODE:	3	 APP-LAYER RECEIVED DATA:	/19	3502246805
NODE:	12	 APP-LAYER RECEIVED DATA:	/443	3502923527
NODE:	7	 APP-LAYER RECEIVED DATA:	/4	3506059972
NODE:	9	 APP-LAYER RECEIVED DATA:	/4	3519198108
NODE:	1	 APP-LAYER RECEIVED DATA:	/3875	3519306026
NODE:	6	 APP-LAYER RECEIVED DATA:	/5020	3522137708
NODE:	8	 APP-LAYER RECEIVED DATA:	/1390	3524415625
NODE:	14	 APP-LAYER RECEIVED DATA:	/1952	3527623716
NODE:	21	 APP-LAYER RECEIVED DATA:	/9	3530010841
NODE:	4	 APP-LAYER RECEIVED DATA:	/2	3546745967
NODE:	2	 APP-LAYER RECEIVED DATA:	/2	3549942708
NODE:	19	 APP-LAYER RECEIVED DATA:	/2	3562204767
NODE:	18	 APP-LAYER RECEIVED DATA:	/3	3566941713
NODE:	11	 APP-LAYER RECEIVED DATA:	/1	3577326876
NODE:	0	 APP-LAYER RECEIVED DATA:	/2816	3587882561
NODE:	10	 APP-LAYER RECEIVED DATA:	/2783	3595287579
NODE:	13	 APP-LAYER RECEIVED DATA:	/31358	3597849912
NODE:	20	 APP-LAYER RECEIVED DATA:	/141	3598785709
NODE:	15	 APP-LAYER RECEIVED DATA:	/7145	3602287233
NODE:	16	 APP-LAYER RECEIVED DATA:	/1	3605678461
NODE:	3	 APP-LAYER RECEIVED DATA:	/2287	3615964024
NODE:	7	 APP-LAYER RECEIVED DATA:	/3	3619726261
NODE:	12	 APP-LAYER RECEIVED DATA:	/1065	3619969833
NODE:	1	 APP-LAYER RECEIVED DATA:	/36	3623757863
NODE:	14	 APP-LAYER RECEIVED DATA:	/99	3635766850
NODE:	6	 APP-LAYER RECEIVED DATA:	/1507	3640370297
NODE:	9	 APP-LAYER RECEIVED DATA:	/4580	3648668372
NODE:	4	 APP-LAYER RECEIVED DATA:	/150	3657126577
NODE:	8	 APP-LAYER RECEIVED DATA:	/11	3658559266
NODE:	21	 APP-LAYER RECEIVED DATA:	/39762	3658752193
NODE:	2	 APP-LAYER RECEIVED DATA:	/119	3674905873
NODE:	19	 APP-LAYER RECEIVED DATA:	/33	3679123461
NODE:	18	 APP-LAYER RECEIVED DATA:	/2	3679930596
NODE:	13	 APP-LAYER RECEIVED DATA:	/17	3708651294
NODE:	11	 APP-LAYER RECEIVED DATA:	/93606	3708780953
NODE:	15	 APP-LAYER RECEIVED DATA:	/300	3713227815
NODE:	0	 APP-LAYER RECEIVED DATA:	/33792	3717623110
NODE:	16	 APP-LAYER RECEIVED DATA:	/1141	3720621380
NODE:	3	 APP-LAYER RECEIVED DATA:	/478	3724301903
NODE:	14	 APP-LAYER RECEIVED DATA:	/4	3729293824
NODE:	1	 APP-LAYER RECEIVED DATA:	/23717	3734523230
NODE:	20	 APP-LAYER RECEIVED DATA:	/1532	3735586564
NODE:	12	 APP-LAYER RECEIVED DATA:	/6838	3739409257
NODE:	10	 APP-LAYER RECEIVED DATA:	/4	3742143010
NODE:	7	 APP-LAYER RECEIVED DATA:	/29014	3743886355
NODE:	6	 APP-LAYER RECEIVED DATA:	/3	3757404897
NODE:	4	 APP-LAYER RECEIVED DATA:	/1769	3758727686
NODE:	21	 APP-LAYER RECEIVED DATA:	/994	3780876209
NODE:	8	 APP-LAYER RECEIVED DATA:	/655	3780961178
NODE:	9	 APP-LAYER RECEIVED DATA:	/1133	3789716590
NODE:	18	 APP-LAYER RECEIVED DATA:	/111	3793525885
NODE:	2	 APP-LAYER RECEIVED DATA:	/692	3800138563
NODE:	19	 APP-LAYER RECEIVED DATA:	/2	3801363499
NODE:	13	 APP-LAYER RECEIVED DATA:	/299	3810930655
NODE:	15	 APP-LAYER RECEIVED DATA:	/71708	3821888785
NODE:	14	 APP-LAYER RECEIVED DATA:	/1	3835418235
NODE:	16	 APP-LAYER RECEIVED DATA:	/2	3841146859
NODE:	1	 APP-LAYER RECEIVED DATA:	/2	3842178017
NODE:	3	 APP-LAYER RECEIVED DATA:	/5	3844976510
NODE:	0	 APP-LAYER RECEIVED DATA:	/65	3847625465
NODE:	11	 APP-LAYER RECEIVED DATA:	/50	3848207919
NODE:	12	 APP-LAYER RECEIVED DATA:	/65	3848734947
NODE:	20	 APP-LAYER RECEIVED DATA:	/1	3852520415
NODE:	7	 APP-LAYER RECEIVED DATA:	/2242	3853933908
NODE:	4	 APP-LAYER RECEIVED DATA:	/1	3865280814
NODE:	6	 APP-LAYER RECEIVED DATA:	/27597	3866258336
NODE:	10	 APP-LAYER RECEIVED DATA:	/21063	3874715421
NODE:	21	 APP-LAYER RECEIVED DATA:	/20230	3903215178
NODE:	8	 APP-LAYER RECEIVED DATA:	/52	3905466469
NODE:	18	 APP-LAYER RECEIVED DATA:	/94788	3907380587
NODE:	2	 APP-LAYER RECEIVED DATA:	/86724	3913885291
NODE:	13	 APP-LAYER RECEIVED DATA:	/8	3925988705
NODE:	19	 APP-LAYER RECEIVED DATA:	/460	3928578154
NODE:	14	 APP-LAYER RECEIVED DATA:	/17	3929461114
NODE:	9	 APP-LAYER RECEIVED DATA:	/7610	3933784166
NODE:	15	 APP-LAYER RECEIVED DATA:	/2635	3939018819
NODE:	16	 APP-LAYER RECEIVED DATA:	/4	3954489294
NODE:	3	 APP-LAYER RECEIVED DATA:	/10184	3956836546
NODE:	12	 APP-LAYER RECEIVED DATA:	/18	3959778166
NODE:	6	 APP-LAYER RECEIVED DATA:	/7231	3967211746
NODE:	7	 APP-LAYER RECEIVED DATA:	/32	3969039073
NODE:	0	 APP-LAYER RECEIVED DATA:	/21	3969945090
NODE:	1	 APP-LAYER RECEIVED DATA:	/1113	3970442581
NODE:	4	 APP-LAYER RECEIVED DATA:	/10	3973775808
NODE:	20	 APP-LAYER RECEIVED DATA:	/76	3993238158
NODE:	11	 APP-LAYER RECEIVED DATA:	/2	3994486507
NODE:	10	 APP-LAYER RECEIVED DATA:	/54049	4015283858
NODE:	18	 APP-LAYER RECEIVED DATA:	/1437	4021518340
NODE:	21	 APP-LAYER RECEIVED DATA:	/655	4024318785
NODE:	14	 APP-LAYER RECEIVED DATA:	/30193	4027866030
NODE:	2	 APP-LAYER RECEIVED DATA:	/3	4030764259
NODE:	8	 APP-LAYER RECEIVED DATA:	/2644	4031352808
NODE:	13	 APP-LAYER RECEIVED DATA:	/2205	4037864416
NODE:	19	 APP-LAYER RECEIVED DATA:	/6582	4051346396
NODE:	16	 APP-LAYER RECEIVED DATA:	/312	4056979072
NODE:	15	 APP-LAYER RECEIVED DATA:	/292	4059323035
NODE:	9	 APP-LAYER RECEIVED DATA:	/7	4070177752
NODE:	6	 APP-LAYER RECEIVED DATA:	/66266	4070852524
NODE:	12	 APP-LAYER RECEIVED DATA:	/15	4077468754
NODE:	3	 APP-LAYER RECEIVED DATA:	/38	4079567599
NODE:	4	 APP-LAYER RECEIVED DATA:	/172	4082402682
NODE:	7	 APP-LAYER RECEIVED DATA:	/266	4083144827
NODE:	1	 APP-LAYER RECEIVED DATA:	/1414	4097016682
NODE:	0	 APP-LAYER RECEIVED DATA:	/58	4097764728
NODE:	14	 APP-LAYER RECEIVED DATA:	/2	4133554771
NODE:	18	 APP-LAYER RECEIVED DATA:	/591	4139806560
NODE:	20	 APP-LAYER RECEIVED DATA:	/4326	4145668654
NODE:	10	 APP-LAYER RECEIVED DATA:	/10	4146203190
NODE:	21	 APP-LAYER RECEIVED DATA:	/1323	4146724129
NODE:	11	 APP-LAYER RECEIVED DATA:	/55	4148666447
NODE:	13	 APP-LAYER RECEIVED DATA:	/48513	4151238361
NODE:	2	 APP-LAYER RECEIVED DATA:	/4	4155733803
NODE:	8	 APP-LAYER RECEIVED DATA:	/1	4162007378
NODE:	15	 APP-LAYER RECEIVED DATA:	/7	4164670326
NODE:	16	 APP-LAYER RECEIVED DATA:	/6	4164682129
NODE:	6	 APP-LAYER RECEIVED DATA:	/16092	4168663547
NODE:	19	 APP-LAYER RECEIVED DATA:	/167	4186649693
NODE:	12	 APP-LAYER RECEIVED DATA:	/466	4189446617
NODE:	7	 APP-LAYER RECEIVED DATA:	/8728	4192193558
NODE:	4	 APP-LAYER RECEIVED DATA:	/35444	4195270842
NODE:	1	 APP-LAYER RECEIVED DATA:	/1	4195633593
NODE:	9	 APP-LAYER RECEIVED DATA:	/100176	4198504496
NODE:	3	 APP-LAYER RECEIVED DATA:	/60	4198789932
NODE:	0	 APP-LAYER RECEIVED DATA:	/103657	4219827912
NODE:	14	 APP-LAYER RECEIVED DATA:	/1845	4238631995
NODE:	18	 APP-LAYER RECEIVED DATA:	/99246	4240261224
NODE:	13	 APP-LAYER RECEIVED DATA:	/3185	4264436793
NODE:	20	 APP-LAYER RECEIVED DATA:	/48	4266462164
NODE:	21	 APP-LAYER RECEIVED DATA:	/1	4266526909
NODE:	16	 APP-LAYER RECEIVED DATA:	/1613	4267605620
NODE:	15	 APP-LAYER RECEIVED DATA:	/2	4270003222
NODE:	10	 APP-LAYER RECEIVED DATA:	/9439	4277401288
NODE:	6	 APP-LAYER RECEIVED DATA:	/550	4278307029
NODE:	2	 APP-LAYER RECEIVED DATA:	/1	4280886075
NODE:	11	 APP-LAYER RECEIVED DATA:	/1015	4286155309
NODE:	1	 APP-LAYER RECEIVED DATA:	/239	4294075654
NODE:	7	 APP-LAYER RECEIVED DATA:	/88166	4294638686
NODE:	8	 APP-LAYER RECEIVED DATA:	/823	4297035970
NODE:	12	 APP-LAYER RECEIVED DATA:	/22	4305544322
NODE:	4	 APP-LAYER RECEIVED DATA:	/1222	4308318380
NODE:	3	 APP-LAYER RECEIVED DATA:	/2218	4312115414
NODE:	19	 APP-LAYER RECEIVED DATA:	/12	4316740900
NODE:	14	 APP-LAYER RECEIVED DATA:	/35832	4336174624
NODE:	9	 APP-LAYER RECEIVED DATA:	/12	4336916553
NODE:	0	 APP-LAYER RECEIVED DATA:	/20	4351105035
NODE:	18	 APP-LAYER RECEIVED DATA:	/2117	4358614133
NODE:	13	 APP-LAYER RECEIVED DATA:	/27567	4359239383
NODE:	16	 APP-LAYER RECEIVED DATA:	/7390	4373199643
NODE:	6	 APP-LAYER RECEIVED DATA:	/2882	4381108273
NODE:	15	 APP-LAYER RECEIVED DATA:	/6	4385010015
NODE:	21	 APP-LAYER RECEIVED DATA:	/8180	4391468425
NODE:	7	 APP-LAYER RECEIVED DATA:	/8	4396260159
NODE:	10	 APP-LAYER RECEIVED DATA:	/5	4404273835
NODE:	11	 APP-LAYER RECEIVED DATA:	/1031	4404712447
NODE:	20	 APP-LAYER RECEIVED DATA:	/202	4405050650
NODE:	1	 APP-LAYER RECEIVED DATA:	/12	4406926487
NODE:	2	 APP-LAYER RECEIVED DATA:	/8085	4408622222
NODE:	4	 APP-LAYER RECEIVED DATA:	/9401	4411572289
NODE:	8	 APP-LAYER RECEIVED DATA:	/11	4412370431
NODE:	12	 APP-LAYER RECEIVED DATA:	/1	4416146934
NODE:	3	 APP-LAYER RECEIVED DATA:	/131	4418031230
NODE:	14	 APP-LAYER RECEIVED DATA:	/51605	4437680001
NODE:	19	 APP-LAYER RECEIVED DATA:	/3	4441572789
NODE:	9	 APP-LAYER RECEIVED DATA:	/38115	4468376185
NODE:	13	 APP-LAYER RECEIVED DATA:	/53	4470405443
NODE:	18	 APP-LAYER RECEIVED DATA:	/1468	4474527105
NODE:	0	 APP-LAYER RECEIVED DATA:	/484	4478703286
NODE:	6	 APP-LAYER RECEIVED DATA:	/2	4484676930
NODE:	15	 APP-LAYER RECEIVED DATA:	/259	4486787861
NODE:	16	 APP-LAYER RECEIVED DATA:	/259	4488116254
NODE:	21	 APP-LAYER RECEIVED DATA:	/4923	4506123202
NODE:	7	 APP-LAYER RECEIVED DATA:	/2343	4509997420
NODE:	4	 APP-LAYER RECEIVED DATA:	/200	4511656149
NODE:	12	 APP-LAYER RECEIVED DATA:	/1251	4516477806
NODE:	1	 APP-LAYER RECEIVED DATA:	/12114	4517908991
NODE:	3	 APP-LAYER RECEIVED DATA:	/5	4519157624
NODE:	2	 APP-LAYER RECEIVED DATA:	/8037	4525150025
NODE:	10	 APP-LAYER RECEIVED DATA:	/322	4529252939
NODE:	14	 APP-LAYER RECEIVED DATA:	/329	4532739945
NODE:	8	 APP-LAYER RECEIVED DATA:	/8	4538569793
NODE:	20	 APP-LAYER RECEIVED DATA:	/5	4544022457
NODE:	11	 APP-LAYER RECEIVED DATA:	/9797	4548441026
NODE:	19	 APP-LAYER RECEIVED DATA:	/13038	4560019486
NODE:	18	 APP-LAYER RECEIVED DATA:	/11	4579464972
NODE:	15	 APP-LAYER RECEIVED DATA:	/11	4584723112
NODE:	13	 APP-LAYER RECEIVED DATA:	/10	4590739422
NODE:	16	 APP-LAYER RECEIVED DATA:	/436	4598136102
NODE:	9	 APP-LAYER RECEIVED DATA:	/17830	4600079662
NODE:	6	 APP-LAYER RECEIVED DATA:	/1142	4602860980
NODE:	0	 APP-LAYER RECEIVED DATA:	/43831	4603526901
NODE:	7	 APP-LAYER RECEIVED DATA:	/66362	4610003178
NODE:	4	 APP-LAYER RECEIVED DATA:	/18	4617070991
NODE:	1	 APP-LAYER RECEIVED DATA:	/3	4622514996
NODE:	12	 APP-LAYER RECEIVED DATA:	/60	4622872702
NODE:	3	 APP-LAYER RECEIVED DATA:	/5	4629434608
NODE:	14	 APP-LAYER RECEIVED DATA:	/1	4631834700
NODE:	21	 APP-LAYER RECEIVED DATA:	/1	4635289771
NODE:	2	 APP-LAYER RECEIVED DATA:	/29321	4646101225
NODE:	10	 APP-LAYER RECEIVED DATA:	/12	4655348471
NODE:	8	 APP-LAYER RECEIVED DATA:	/120	4667736141
NODE:	11	 APP-LAYER RECEIVED DATA:	/1223	4669991074
NODE:	19	 APP-LAYER RECEIVED DATA:	/39	4677569216
NODE:	20	 APP-LAYER RECEIVED DATA:	/21612	4690252816
NODE:	15	 APP-LAYER RECEIVED DATA:	/1475	4695058996
NODE:	18	 APP-LAYER RECEIVED DATA:	/52	4696349506
NODE:	6	 APP-LAYER RECEIVED DATA:	/27460	4710499110
NODE:	13	 APP-LAYER RECEIVED DATA:	/1308	4712813871
NODE:	0	 APP-LAYER RECEIVED DATA:	/88	4714815563
NODE:	16	 APP-LAYER RECEIVED DATA:	/61	4717010658
NODE:	7	 APP-LAYER RECEIVED DATA:	/85	4725178273
NODE:	9	 APP-LAYER RECEIVED DATA:	/1371	4727729204
NODE:	4	 APP-LAYER RECEIVED DATA:	/5	4729653386
NODE:	12	 APP-LAYER RECEIVED DATA:	/20733	4732588333
NODE:	14	 APP-LAYER RECEIVED DATA:	/1091	4733482113
NODE:	1	 APP-LAYER RECEIVED DATA:	/236	4738839536
NODE:	3	 APP-LAYER RECEIVED DATA:	/50	4750661791
NODE:	21	 APP-LAYER RECEIVED DATA:	/2888	4753072907
NODE:	2	 APP-LAYER RECEIVED DATA:	/94498	4774627766
NODE:	10	 APP-LAYER RECEIVED DATA:	/6	4777346686
NODE:	8	 APP-LAYER RECEIVED DATA:	/27	4781983164
NODE:	11	 APP-LAYER RECEIVED DATA:	/8	4805997742
NODE:	19	 APP-LAYER RECEIVED DATA:	/42201	4809703581
NODE:	20	 APP-LAYER RECEIVED DATA:	/15	4811659549
NODE:	15	 APP-LAYER RECEIVED DATA:	/139	4813892945
NODE:	16	 APP-LAYER RECEIVED DATA:	/853	4821040140
NODE:	18	 APP-LAYER RECEIVED DATA:	/23895	4823702728
NODE:	4	 APP-LAYER RECEIVED DATA:	/341	4826546288
NODE:	13	 APP-LAYER RECEIVED DATA:	/20942	4826573822
NODE:	14	 APP-LAYER RECEIVED DATA:	/873	4827130038
NODE:	7	 APP-LAYER RECEIVED DATA:	/63	4829065069
NODE:	6	 APP-LAYER RECEIVED DATA:	/281	4831846090
NODE:	12	 APP-LAYER RECEIVED DATA:	/20	4832904432
NODE:	9	 APP-LAYER RECEIVED DATA:	/269	4853079933
NODE:	0	 APP-LAYER RECEIVED DATA:	/38906	4859621083
NODE:	3	 APP-LAYER RECEIVED DATA:	/2504	4864265857
NODE:	1	 APP-LAYER RECEIVED DATA:	/32418	4869593013
NODE:	21	 APP-LAYER RECEIVED DATA:	/92	4879334189
NODE:	8	 APP-LAYER RECEIVED DATA:	/2583	4897117419
NODE:	10	 APP-LAYER RECEIVED DATA:	/821	4898354632
NODE:	2	 APP-LAYER RECEIVED DATA:	/13084	4914022295
NODE:	14	 APP-LAYER RECEIVED DATA:	/82	4918180760
NODE:	16	 APP-LAYER RECEIVED DATA:	/42287	4920730219
NODE:	15	 APP-LAYER RECEIVED DATA:	/68027	4922875219
NODE:	19	 APP-LAYER RECEIVED DATA:	/63745	4929902119
NODE:	13	 APP-LAYER RECEIVED DATA:	/13699	4930349562
NODE:	4	 APP-LAYER RECEIVED DATA:	/221	4930640872
NODE:	7	 APP-LAYER RECEIVED DATA:	/3	4934453707
NODE:	12	 APP-LAYER RECEIVED DATA:	/120	4934493858
NODE:	18	 APP-LAYER RECEIVED DATA:	/2780	4934981589
NODE:	6	 APP-LAYER RECEIVED DATA:	/37177	4937495702
NODE:	20	 APP-LAYER RECEIVED DATA:	/10427	4940502237
NODE:	11	 APP-LAYER RECEIVED DATA:	/10	4941270335
NODE:	3	 APP-LAYER RECEIVED DATA:	/20	4970752684
NODE:	1	 APP-LAYER RECEIVED DATA:	/1	4974317305
NODE:	0	 APP-LAYER RECEIVED DATA:	/8	4974324259
NODE:	9	 APP-LAYER RECEIVED DATA:	/143	4984577514
NODE:	21	 APP-LAYER RECEIVED DATA:	/48	5009777828
NODE:	14	 APP-LAYER RECEIVED DATA:	/4750	5016984772
NODE:	8	 APP-LAYER RECEIVED DATA:	/16314	5018638618
NODE:	10	 APP-LAYER RECEIVED DATA:	/14892	5025996424
NODE:	4	 APP-LAYER RECEIVED DATA:	/1606	5029526069
NODE:	16	 APP-LAYER RECEIVED DATA:	/8	5032480751
NODE:	15	 APP-LAYER RECEIVED DATA:	/53734	5033358908
NODE:	12	 APP-LAYER RECEIVED DATA:	/23798	5034570299
NODE:	18	 APP-LAYER RECEIVED DATA:	/8632	5036529674
NODE:	2	 APP-LAYER RECEIVED DATA:	/6854	5037272705
NODE:	19	 APP-LAYER RECEIVED DATA:	/3	5042077708
NODE:	6	 APP-LAYER RECEIVED DATA:	/525	5045010207
NODE:	7	 APP-LAYER RECEIVED DATA:	/58900	5047494801
NODE:	13	 APP-LAYER RECEIVED DATA:	/1	5050125140
NODE:	11	 APP-LAYER RECEIVED DATA:	/2	5070850312
NODE:	20	 APP-LAYER RECEIVED DATA:	/1186	5071369108
NODE:	3	 APP-LAYER RECEIVED DATA:	/44	5076745369
NODE:	1	 APP-LAYER RECEIVED DATA:	/4245	5089481691
NODE:	9	 APP-LAYER RECEIVED DATA:	/47571	5102666593
NODE:	14	 APP-LAYER RECEIVED DATA:	/63	5106242429
NODE:	0	 APP-LAYER RECEIVED DATA:	/38082	5106577086
NODE:	21	 APP-LAYER RECEIVED DATA:	/1	5111406805
NODE:	8	 APP-LAYER RECEIVED DATA:	/11326	5130014402
NODE:	4	 APP-LAYER RECEIVED DATA:	/10396	5134390960
NODE:	16	 APP-LAYER RECEIVED DATA:	/6	5137094643
NODE:	15	 APP-LAYER RECEIVED DATA:	/1	5137876042
NODE:	10	 APP-LAYER RECEIVED DATA:	/18455	5138576672
NODE:	18	 APP-LAYER RECEIVED DATA:	/16	5151677226
NODE:	12	 APP-LAYER RECEIVED DATA:	/29	5153173627
NODE:	7	 APP-LAYER RECEIVED DATA:	/12	5160892657
NODE:	6	 APP-LAYER RECEIVED DATA:	/42	5163004464
NODE:	13	 APP-LAYER RECEIVED DATA:	/310	5165530567
NODE:	19	 APP-LAYER RECEIVED DATA:	/15453	5170857364
NODE:	2	 APP-LAYER RECEIVED DATA:	/5	5177487517
NODE:	3	 APP-LAYER RECEIVED DATA:	/74	5182487025
NODE:	20	 APP-LAYER RECEIVED DATA:	/6158	5191780776
NODE:	1	 APP-LAYER RECEIVED DATA:	/268	5193390230
NODE:	11	 APP-LAYER RECEIVED DATA:	/13184	5204760645
NODE:	14	 APP-LAYER RECEIVED DATA:	/37620	5213148608
NODE:	9	 APP-LAYER RECEIVED DATA:	/1	5221320821
NODE:	0	 APP-LAYER RECEIVED DATA:	/127	5224944664
NODE:	21	 APP-LAYER RECEIVED DATA:	/1	5227639601
NODE:	4	 APP-LAYER RECEIVED DATA:	/202	5233076880
NODE:	8	 APP-LAYER RECEIVED DATA:	/15	5234893438
NODE:	15	 APP-LAYER RECEIVED DATA:	/46	5240312094
NODE:	16	 APP-LAYER RECEIVED DATA:	/16308	5247769928
NODE:	12	 APP-LAYER RECEIVED DATA:	/1	5259982742
NODE:	18	 APP-LAYER RECEIVED DATA:	/25	5262674064
NODE:	10	 APP-LAYER RECEIVED DATA:	/92	5263022334
NODE:	13	 APP-LAYER RECEIVED DATA:	/548	5263771059
NODE:	6	 APP-LAYER RECEIVED DATA:	/1456	5265263933
NODE:	7	 APP-LAYER RECEIVED DATA:	/1097	5273221414
NODE:	2	 APP-LAYER RECEIVED DATA:	/6468	5287765228
NODE:	3	 APP-LAYER RECEIVED DATA:	/269	5290167652
NODE:	19	 APP-LAYER RECEIVED DATA:	/915	5294898422
NODE:	1	 APP-LAYER RECEIVED DATA:	/4	5301979114
NODE:	14	 APP-LAYER RECEIVED DATA:	/10872	5315725129
NODE:	9	 APP-LAYER RECEIVED DATA:	/11	5331629483
NODE:	11	 APP-LAYER RECEIVED DATA:	/351	5339862164
NODE:	0	 APP-LAYER RECEIVED DATA:	/22	5340822694
NODE:	4	 APP-LAYER RECEIVED DATA:	/245	5341866974
NODE:	20	 APP-LAYER RECEIVED DATA:	/976	5343473660
NODE:	8	 APP-LAYER RECEIVED DATA:	/20	5345247030
NODE:	15	 APP-LAYER RECEIVED DATA:	/7509	5345835092
NODE:	21	 APP-LAYER RECEIVED DATA:	/36	5347166680
NODE:	16	 APP-LAYER RECEIVED DATA:	/15	5352593856
NODE:	18	 APP-LAYER RECEIVED DATA:	/2038	5365070381
NODE:	12	 APP-LAYER RECEIVED DATA:	/8155	5372924301
NODE:	13	 APP-LAYER RECEIVED DATA:	/6150	5374915980
NODE:	7	 APP-LAYER RECEIVED DATA:	/1144	5376626914
NODE:	6	 APP-LAYER RECEIVED DATA:	/4311	5380980335
NODE:	10	 APP-LAYER RECEIVED DATA:	/139	5386089566
NODE:	3	 APP-LAYER RECEIVED DATA:	/317	5388848962
NODE:	2	 APP-LAYER RECEIVED DATA:	/45	5397475892
NODE:	14	 APP-LAYER RECEIVED DATA:	/347	5416011020
NODE:	1	 APP-LAYER RECEIVED DATA:	/141	5418891545
NODE:	19	 APP-LAYER RECEIVED DATA:	/172	5419671801
NODE:	4	 APP-LAYER RECEIVED DATA:	/1	5446213661
NODE:	15	 APP-LAYER RECEIVED DATA:	/13096	5447796105
NODE:	9	 APP-LAYER RECEIVED DATA:	/894	5449174748
NODE:	16	 APP-LAYER RECEIVED DATA:	/497	5456071990
NODE:	21	 APP-LAYER RECEIVED DATA:	/4	5462300729
NODE:	8	 APP-LAYER RECEIVED DATA:	/6	5467163420
NODE:	0	 APP-LAYER RECEIVED DATA:	/38960	5469325679
NODE:	11	 APP-LAYER RECEIVED DATA:	/5654	5470067042
NODE:	20	 APP-LAYER RECEIVED DATA:	/1	5475698891
NODE:	18	 APP-LAYER RECEIVED DATA:	/1688	5477900089
NODE:	12	 APP-LAYER RECEIVED DATA:	/4139	5480818907
NODE:	7	 APP-LAYER RECEIVED DATA:	/71	5489084564
NODE:	6	 APP-LAYER RECEIVED DATA:	/963	5492825360
NODE:	13	 APP-LAYER RECEIVED DATA:	/40027	5492915433
NODE:	10	 APP-LAYER RECEIVED DATA:	/1	5498753749
NODE:	3	 APP-LAYER RECEIVED DATA:	/3759	5502425178
NODE:	2	 APP-LAYER RECEIVED DATA:	/423	5513397391
NODE:	14	 APP-LAYER RECEIVED DATA:	/1	5515939055
NODE:	1	 APP-LAYER RECEIVED DATA:	/5	5524999867
NODE:	19	 APP-LAYER RECEIVED DATA:	/221	5540656987
NODE:	15	 APP-LAYER RECEIVED DATA:	/176	5556594936
NODE:	9	 APP-LAYER RECEIVED DATA:	/9532	5564828582
NODE:	16	 APP-LAYER RECEIVED DATA:	/17	5566325403
NODE:	4	 APP-LAYER RECEIVED DATA:	/1	5567731516
NODE:	0	 APP-LAYER RECEIVED DATA:	/844	5577174908
NODE:	8	 APP-LAYER RECEIVED DATA:	/5613	5580826040
NODE:	11	 APP-LAYER RECEIVED DATA:	/16	5585502506
NODE:	21	 APP-LAYER RECEIVED DATA:	/61160	5588145821
NODE:	18	 APP-LAYER RECEIVED DATA:	/12097	5591015056
NODE:	12	 APP-LAYER RECEIVED DATA:	/88308	5592870897
NODE:	7	 APP-LAYER RECEIVED DATA:	/46	5593730318
NODE:	6	 APP-LAYER RECEIVED DATA:	/3	5596886555
NODE:	20	 APP-LAYER RECEIVED DATA:	/3	5599020481
NODE:	13	 APP-LAYER RECEIVED DATA:	/1812	5599290108
NODE:	3	 APP-LAYER RECEIVED DATA:	/1	5613362674
NODE:	14	 APP-LAYER RECEIVED DATA:	/44	5620700136
NODE:	10	 APP-LAYER RECEIVED DATA:	/22247	5626545181
NODE:	1	 APP-LAYER RECEIVED DATA:	/1	5633661289
NODE:	2	 APP-LAYER RECEIVED DATA:	/3	5636566914
NODE:	16	 APP-LAYER RECEIVED DATA:	/1	5666902090
NODE:	15	 APP-LAYER RECEIVED DATA:	/23409	5669521842
NODE:	19	 APP-LAYER RECEIVED DATA:	/25593	5671348726
NODE:	4	 APP-LAYER RECEIVED DATA:	/1	5675409810
NODE:	0	 APP-LAYER RECEIVED DATA:	/6	5693461993
NODE:	8	 APP-LAYER RECEIVED DATA:	/1322	5694645549
NODE:	7	 APP-LAYER RECEIVED DATA:	/29	5698840947
NODE:	12	 APP-LAYER RECEIVED DATA:	/1260	5699666102
NODE:	9	 APP-LAYER RECEIVED DATA:	/670	5702972601
NODE:	6	 APP-LAYER RECEIVED DATA:	/11	5706435323
NODE:	21	 APP-LAYER RECEIVED DATA:	/31880	5706752879
NODE:	18	 APP-LAYER RECEIVED DATA:	/1	5707480399
NODE:	14	 APP-LAYER RECEIVED DATA:	/1108	5715633221
NODE:	20	 APP-LAYER RECEIVED DATA:	/127	5715824702
NODE:	11	 APP-LAYER RECEIVED DATA:	/1	5718136532
NODE:	13	 APP-LAYER RECEIVED DATA:	/143	5719560464
NODE:	3	 APP-LAYER RECEIVED DATA:	/5	5731347675
NODE:	1	 APP-LAYER RECEIVED DATA:	/41	5732641239
NODE:	10	 APP-LAYER RECEIVED DATA:	/65	5756665022
NODE:	16	 APP-LAYER RECEIVED DATA:	/14417	5761660012
NODE:	2	 APP-LAYER RECEIVED DATA:	/12308	5770932452
NODE:	15	 APP-LAYER RECEIVED DATA:	/866	5778389915
NODE:	4	 APP-LAYER RECEIVED DATA:	/1	5783240987
NODE:	19	 APP-LAYER RECEIVED DATA:	/1	5789163332
NODE:	0	 APP-LAYER RECEIVED DATA:	/9	5799283152
NODE:	7	 APP-LAYER RECEIVED DATA:	/3832	5805257289
NODE:	12	 APP-LAYER RECEIVED DATA:	/10728	5808631286
NODE:	8	 APP-LAYER RECEIVED DATA:	/122	5810105508
NODE:	14	 APP-LAYER RECEIVED DATA:	/67789	5820396800
NODE:	6	 APP-LAYER RECEIVED DATA:	/61150	5821982306
NODE:	18	 APP-LAYER RECEIVED DATA:	/3132	5828216477
NODE:	13	 APP-LAYER RECEIVED DATA:	/821	5828610838
NODE:	21	 APP-LAYER RECEIVED DATA:	/2364	5833945969
NODE:	9	 APP-LAYER RECEIVED DATA:	/292	5835609080
NODE:	1	 APP-LAYER RECEIVED DATA:	/29523	5839262653
NODE:	20	 APP-LAYER RECEIVED DATA:	/10299	5842005082
NODE:	3	 APP-LAYER RECEIVED DATA:	/115	5844493355
NODE:	11	 APP-LAYER RECEIVED DATA:	/1	5850968688
NODE:	16	 APP-LAYER RECEIVED DATA:	/5178	5868723433
NODE:	2	 APP-LAYER RECEIVED DATA:	/1	5880725432
NODE:	10	 APP-LAYER RECEIVED DATA:	/24	5882044958
NODE:	4	 APP-LAYER RECEIVED DATA:	/209	5897022781
NODE:	19	 APP-LAYER RECEIVED DATA:	/2	5899251868
NODE:	15	 APP-LAYER RECEIVED DATA:	/256	5905892500
NODE:	12	 APP-LAYER RECEIVED DATA:	/1	5923242866
NODE:	14	 APP-LAYER RECEIVED DATA:	/2	5925781628
NODE:	0	 APP-LAYER RECEIVED DATA:	/5	5926529819
NODE:	7	 APP-LAYER RECEIVED DATA:	/63919	5927193314
NODE:	18	 APP-LAYER RECEIVED DATA:	/4	5928271435
NODE:	8	 APP-LAYER RECEIVED DATA:	/14	5928623267
NODE:	13	 APP-LAYER RECEIVED DATA:	/433	5935307957
NODE:	6	 APP-LAYER RECEIVED DATA:	/355	5939986740
NODE:	21	 APP-LAYER RECEIVED DATA:	/4777	5946854603
NODE:	3	 APP-LAYER RECEIVED DATA:	/1	5947892133
NODE:	1	 APP-LAYER RECEIVED DATA:	/3	5953609622
NODE:	9	 APP-LAYER RECEIVED DATA:	/28463	5968618465
NODE:	16	 APP-LAYER RECEIVED DATA:	/10	5973983279
NODE:	20	 APP-LAYER RECEIVED DATA:	/49	5973994309
NODE:	11	 APP-LAYER RECEIVED DATA:	/15804	5981113442
NODE:	2	 APP-LAYER RECEIVED DATA:	/150	5991613407
NODE:	10	 APP-LAYER RECEIVED DATA:	/28750	6000354953
NODE:	15	 APP-LAYER RECEIVED DATA:	/6	6008102473
NODE:	4	 APP-LAYER RECEIVED DATA:	/9570	6021059858
NODE:	19	 APP-LAYER RECEIVED DATA:	/43	6025613028
NODE:	18	 APP-LAYER RECEIVED DATA:	/1896	6027837549
NODE:	12	 APP-LAYER RECEIVED DATA:	/1	6028514539
NODE:	14	 APP-LAYER RECEIVED DATA:	/69548	6031874181
NODE:	7	 APP-LAYER RECEIVED DATA:	/79764	6037682196
NODE:	13	 APP-LAYER RECEIVED DATA:	/1162	6043601661
NODE:	6	 APP-LAYER RECEIVED DATA:	/165	6050186195
NODE:	0	 APP-LAYER RECEIVED DATA:	/4	6050958514
NODE:	3	 APP-LAYER RECEIVED DATA:	/36	6055154168
NODE:	8	 APP-LAYER RECEIVED DATA:	/1538	6055572693
NODE:	21	 APP-LAYER RECEIVED DATA:	/82422	6059293672
NODE:	1	 APP-LAYER RECEIVED DATA:	/49	6069589795
NODE:	11	 APP-LAYER RECEIVED DATA:	/18	6084748810
NODE:	16	 APP-LAYER RECEIVED DATA:	/97726	6092430536
NODE:	9	 APP-LAYER RECEIVED DATA:	/3591	6108488702
NODE:	2	 APP-LAYER RECEIVED DATA:	/7	6114291116
NODE:	10	 APP-LAYER RECEIVED DATA:	/3	6118139923
NODE:	15	 APP-LAYER RECEIVED DATA:	/31666	6126303806
NODE:	20	 APP-LAYER RECEIVED DATA:	/12840	6129005670
NODE:	18	 APP-LAYER RECEIVED DATA:	/24	6133762442
NODE:	12	 APP-LAYER RECEIVED DATA:	/7571	6136689376
NODE:	4	 APP-LAYER RECEIVED DATA:	/5851	6139775841
NODE:	19	 APP-LAYER RECEIVED DATA:	/2021	6142087461
NODE:	13	 APP-LAYER RECEIVED DATA:	/6	6143218538
NODE:	14	 APP-LAYER RECEIVED DATA:	/2302	6143393320
NODE:	8	 APP-LAYER RECEIVED DATA:	/1407	6148305065
NODE:	7	 APP-LAYER RECEIVED DATA:	/1858	6153625868
NODE:	6	 APP-LAYER RECEIVED DATA:	/13	6163593671
NODE:	3	 APP-LAYER RECEIVED DATA:	/84692	6171801677
NODE:	0	 APP-LAYER RECEIVED DATA:	/17	6177843150
NODE:	1	 APP-LAYER RECEIVED DATA:	/5041	6178705299
NODE:	21	 APP-LAYER RECEIVED DATA:	/1	6182649652
NODE:	16	 APP-LAYER RECEIVED DATA:	/158	6207225218
NODE:	11	 APP-LAYER RECEIVED DATA:	/384	6214260298
NODE:	9	 APP-LAYER RECEIVED DATA:	/13570	6221692252
NODE:	15	 APP-LAYER RECEIVED DATA:	/6	6232696584
NODE:	18	 APP-LAYER RECEIVED DATA:	/96	6234237070
NODE:	14	 APP-LAYER RECEIVED DATA:	/15038	6239017604
NODE:	10	 APP-LAYER RECEIVED DATA:	/99351	6242285448
NODE:	2	 APP-LAYER RECEIVED DATA:	/4	6242377736
NODE:	13	 APP-LAYER RECEIVED DATA:	/43055	6245627365
NODE:	12	 APP-LAYER RECEIVED DATA:	/10155	6250973503
NODE:	4	 APP-LAYER RECEIVED DATA:	/1	6252177357
NODE:	20	 APP-LAYER RECEIVED DATA:	/4	6256973878
NODE:	7	 APP-LAYER RECEIVED DATA:	/1642	6266685775
NODE:	8	 APP-LAYER RECEIVED DATA:	/161	6269697767
NODE:	19	 APP-LAYER RECEIVED DATA:	/103	6270338158
NODE:	6	 APP-LAYER RECEIVED DATA:	/83	6272175877
NODE:	1	 APP-LAYER RECEIVED DATA:	/13	6280817424
NODE:	3	 APP-LAYER RECEIVED DATA:	/1546	6284096430
NODE:	0	 APP-LAYER RECEIVED DATA:	/2	6284101729
NODE:	21	 APP-LAYER RECEIVED DATA:	/1	6313554396
NODE:	16	 APP-LAYER RECEIVED DATA:	/78	6318159747
NODE:	18	 APP-LAYER RECEIVED DATA:	/118	6336559731
NODE:	15	 APP-LAYER RECEIVED DATA:	/64	6339715230
NODE:	14	 APP-LAYER RECEIVED DATA:	/38986	6341510674
NODE:	12	 APP-LAYER RECEIVED DATA:	/54	6352652917
NODE:	9	 APP-LAYER RECEIVED DATA:	/3	6355282366
NODE:	4	 APP-LAYER RECEIVED DATA:	/115	6357013070
NODE:	13	 APP-LAYER RECEIVED DATA:	/34562	6358512749
NODE:	11	 APP-LAYER RECEIVED DATA:	/677	6360923051
NODE:	7	 APP-LAYER RECEIVED DATA:	/1	6368530951
NODE:	2	 APP-LAYER RECEIVED DATA:	/42	6371611502
NODE:	10	 APP-LAYER RECEIVED DATA:	/1	6374693210
NODE:	8	 APP-LAYER RECEIVED DATA:	/96984	6376811484
NODE:	20	 APP-LAYER RECEIVED DATA:	/29943	6381445922
NODE:	6	 APP-LAYER RECEIVED DATA:	/23	6381972598
NODE:	19	 APP-LAYER RECEIVED DATA:	/3	6389021634
NODE:	1	 APP-LAYER RECEIVED DATA:	/54	6389062392
NODE:	3	 APP-LAYER RECEIVED DATA:	/36160	6397469191
NODE:	0	 APP-LAYER RECEIVED DATA:	/27574	6402414028
NODE:	21	 APP-LAYER RECEIVED DATA:	/106	6436156003
NODE:	16	 APP-LAYER RECEIVED DATA:	/5967	6438042339
NODE:	14	 APP-LAYER RECEIVED DATA:	/6836	6440890315
NODE:	18	 APP-LAYER RECEIVED DATA:	/84016	6446719843
NODE:	15	 APP-LAYER RECEIVED DATA:	/16468	6453090276
NODE:	13	 APP-LAYER RECEIVED DATA:	/71	6463826620
NODE:	4	 APP-LAYER RECEIVED DATA:	/27	6473957324
NODE:	12	 APP-LAYER RECEIVED DATA:	/1828	6474669531
NODE:	7	 APP-LAYER RECEIVED DATA:	/8287	6479994838
NODE:	11	 APP-LAYER RECEIVED DATA:	/42072	6482281021
NODE:	9	 APP-LAYER RECEIVED DATA:	/777	6491837105
NODE:	6	 APP-LAYER RECEIVED DATA:	/53	6493773454
NODE:	8	 APP-LAYER RECEIVED DATA:	/6	6493948221
NODE:	1	 APP-LAYER RECEIVED DATA:	/120	6499185379
NODE:	20	 APP-LAYER RECEIVED DATA:	/777	6499496461
NODE:	3	 APP-LAYER RECEIVED DATA:	/2	6499595580
NODE:	2	 APP-LAYER RECEIVED DATA:	/18	6501069931
NODE:	19	 APP-LAYER RECEIVED DATA:	/152	6508975337
NODE:	10	 APP-LAYER RECEIVED DATA:	/1713	6509117943
NODE:	0	 APP-LAYER RECEIVED DATA:	/19026	6521384376
NODE:	14	 APP-LAYER RECEIVED DATA:	/25982	6541658611
NODE:	16	 APP-LAYER RECEIVED DATA:	/33	6552451567
NODE:	21	 APP-LAYER RECEIVED DATA:	/9	6553375805
NODE:	15	 APP-LAYER RECEIVED DATA:	/11	6557448614
NODE:	18	 APP-LAYER RECEIVED DATA:	/1	6563614355
NODE:	4	 APP-LAYER RECEIVED DATA:	/1	6574753809
NODE:	7	 APP-LAYER RECEIVED DATA:	/3	6578406866
NODE:	13	 APP-LAYER RECEIVED DATA:	/2236	6579093912
NODE:	12	 APP-LAYER RECEIVED DATA:	/1	6582282092
NODE:	2	 APP-LAYER RECEIVED DATA:	/39	6601199609
NODE:	6	 APP-LAYER RECEIVED DATA:	/1	6606274641
NODE:	11	 APP-LAYER RECEIVED DATA:	/9308	6608175085
NODE:	9	 APP-LAYER RECEIVED DATA:	/25990	6612452059
NODE:	3	 APP-LAYER RECEIVED DATA:	/85	6612790047
NODE:	20	 APP-LAYER RECEIVED DATA:	/1	6619535523
NODE:	1	 APP-LAYER RECEIVED DATA:	/60325	6621679565
NODE:	19	 APP-LAYER RECEIVED DATA:	/709	6621734604
NODE:	8	 APP-LAYER RECEIVED DATA:	/7416	6623286151
NODE:	10	 APP-LAYER RECEIVED DATA:	/2	6628674432
NODE:	14	 APP-LAYER RECEIVED DATA:	/4630	6634464160
NODE:	0	 APP-LAYER RECEIVED DATA:	/10463	6648393290
NODE:	15	 APP-LAYER RECEIVED DATA:	/30	6660872809
NODE:	16	 APP-LAYER RECEIVED DATA:	/191	6664002607
NODE:	21	 APP-LAYER RECEIVED DATA:	/97	6673023811
NODE:	18	 APP-LAYER RECEIVED DATA:	/89	6673412123
NODE:	4	 APP-LAYER RECEIVED DATA:	/25327	6679713309
NODE:	12	 APP-LAYER RECEIVED DATA:	/32771	6687346348
NODE:	13	 APP-LAYER RECEIVED DATA:	/1253	6692023304
NODE:	7	 APP-LAYER RECEIVED DATA:	/4	6701056547
NODE:	1	 APP-LAYER RECEIVED DATA:	/39	6718573790
NODE:	6	 APP-LAYER RECEIVED DATA:	/16543	6724033872
NODE:	2	 APP-LAYER RECEIVED DATA:	/653	6725835930
NODE:	3	 APP-LAYER RECEIVED DATA:	/1	6727500788
NODE:	20	 APP-LAYER RECEIVED DATA:	/73	6729144319
NODE:	8	 APP-LAYER RECEIVED DATA:	/1	6731897962
NODE:	14	 APP-LAYER RECEIVED DATA:	/23	6736174953
NODE:	9	 APP-LAYER RECEIVED DATA:	/1512	6737557822
NODE:	11	 APP-LAYER RECEIVED DATA:	/2020	6740252812
NODE:	19	 APP-LAYER RECEIVED DATA:	/31	6742630757
NODE:	10	 APP-LAYER RECEIVED DATA:	/1	6761003805
NODE:	0	 APP-LAYER RECEIVED DATA:	/37795	6761097067
NODE:	15	 APP-LAYER RECEIVED DATA:	/5078	6766654328
NODE:	16	 APP-LAYER RECEIVED DATA:	/214	6772489128
NODE:	4	 APP-LAYER RECEIVED DATA:	/4012	6777488993
NODE:	21	 APP-LAYER RECEIVED DATA:	/6	6778915682
NODE:	18	 APP-LAYER RECEIVED DATA:	/6	6782335599
NODE:	12	 APP-LAYER RECEIVED DATA:	/16	6799458118
NODE:	13	 APP-LAYER RECEIVED DATA:	/51	6812967918
NODE:	7	 APP-LAYER RECEIVED DATA:	/9	6813173981
NODE:	14	 APP-LAYER RECEIVED DATA:	/2	6825738641
NODE:	6	 APP-LAYER RECEIVED DATA:	/264	6832510277
NODE:	1	 APP-LAYER RECEIVED DATA:	/38	6833889088
NODE:	2	 APP-LAYER RECEIVED DATA:	/1	6839125478
NODE:	3	 APP-LAYER RECEIVED DATA:	/3	6839397332
NODE:	20	 APP-LAYER RECEIVED DATA:	/72	6842014783
NODE:	8	 APP-LAYER RECEIVED DATA:	/302	6849877898
NODE:	19	 APP-LAYER RECEIVED DATA:	/9	6855241679
NODE:	11	 APP-LAYER RECEIVED DATA:	/70285	6865592080
NODE:	15	 APP-LAYER RECEIVED DATA:	/73425	6867669549
NODE:	9	 APP-LAYER RECEIVED DATA:	/8727	6869498380
NODE:	10	 APP-LAYER RECEIVED DATA:	/318	6873372959
NODE:	18	 APP-LAYER RECEIVED DATA:	/42	6881289648
NODE:	16	 APP-LAYER RECEIVED DATA:	/80	6883333547
NODE:	4	 APP-LAYER RECEIVED DATA:	/20673	6888234198
NODE:	0	 APP-LAYER RECEIVED DATA:	/67739	6890620722
NODE:	12	 APP-LAYER RECEIVED DATA:	/7	6903517381
NODE:	21	 APP-LAYER RECEIVED DATA:	/1	6908762814
NODE:	14	 APP-LAYER RECEIVED DATA:	/14	6923419197
NODE:	13	 APP-LAYER RECEIVED DATA:	/1743	6926858880
NODE:	7	 APP-LAYER RECEIVED DATA:	/4268	6931834921
NODE:	1	 APP-LAYER RECEIVED DATA:	/11307	6938836433
NODE:	6	 APP-LAYER RECEIVED DATA:	/2468	6942364024
NODE:	3	 APP-LAYER RECEIVED DATA:	/8507	6944052989
NODE:	2	 APP-LAYER RECEIVED DATA:	/52	6960474540
NODE:	20	 APP-LAYER RECEIVED DATA:	/2991	6965723812
NODE:	8	 APP-LAYER RECEIVED DATA:	/35886	6972646055
NODE:	19	 APP-LAYER RECEIVED DATA:	/60116	6980072151
NODE:	15	 APP-LAYER RECEIVED DATA:	/4	6980087576
NODE:	18	 APP-LAYER RECEIVED DATA:	/18402	6990546330
NODE:	16	 APP-LAYER RECEIVED DATA:	/22	6991582886
NODE:	11	 APP-LAYER RECEIVED DATA:	/80132	6992065419
NODE:	9	 APP-LAYER RECEIVED DATA:	/202	6994294355
NODE:	4	 APP-LAYER RECEIVED DATA:	/4195	6995183709
NODE:	10	 APP-LAYER RECEIVED DATA:	/90269	7001859470
NODE:	0	 APP-LAYER RECEIVED DATA:	/508	7009249662
NODE:	12	 APP-LAYER RECEIVED DATA:	/1	7012588050
NODE:	21	 APP-LAYER RECEIVED DATA:	/6	7016482958
NODE:	14	 APP-LAYER RECEIVED DATA:	/4369	7030104037
NODE:	13	 APP-LAYER RECEIVED DATA:	/20	7033555599
NODE:	7	 APP-LAYER RECEIVED DATA:	/1	7040495972
NODE:	6	 APP-LAYER RECEIVED DATA:	/5	7048422508
NODE:	3	 APP-LAYER RECEIVED DATA:	/92572	7052078725
NODE:	1	 APP-LAYER RECEIVED DATA:	/13	7053681257
NODE:	2	 APP-LAYER RECEIVED DATA:	/10395	7080221728
NODE:	8	 APP-LAYER RECEIVED DATA:	/1488	7088415591
NODE:	15	 APP-LAYER RECEIVED DATA:	/1779	7089285768
NODE:	20	 APP-LAYER RECEIVED DATA:	/128	7097878209
NODE:	19	 APP-LAYER RECEIVED DATA:	/1	7099906679
NODE:	18	 APP-LAYER RECEIVED DATA:	/5573	7104231443
NODE:	16	 APP-LAYER RECEIVED DATA:	/2005	7107630581
NODE:	0	 APP-LAYER RECEIVED DATA:	/46	7112947879
NODE:	4	 APP-LAYER RECEIVED DATA:	/2380	7114241057
NODE:	9	 APP-LAYER RECEIVED DATA:	/1	7116867260
NODE:	10	 APP-LAYER RECEIVED DATA:	/14	7125012922
NODE:	12	 APP-LAYER RECEIVED DATA:	/225	7125025107
NODE:	14	 APP-LAYER RECEIVED DATA:	/3880	7127828110
NODE:	11	 APP-LAYER RECEIVED DATA:	/7	7128693382
NODE:	21	 APP-LAYER RECEIVED DATA:	/7	7139235998
NODE:	13	 APP-LAYER RECEIVED DATA:	/27	7144926638
NODE:	1	 APP-LAYER RECEIVED DATA:	/93351	7148877184
NODE:	7	 APP-LAYER RECEIVED DATA:	/92460	7154042698
NODE:	6	 APP-LAYER RECEIVED DATA:	/492	7155971403
NODE:	3	 APP-LAYER RECEIVED DATA:	/31690	7174712328
NODE:	8	 APP-LAYER RECEIVED DATA:	/2872	7197516098
NODE:	15	 APP-LAYER RECEIVED DATA:	/93	7200465657
NODE:	18	 APP-LAYER RECEIVED DATA:	/133	7202584497
NODE:	2	 APP-LAYER RECEIVED DATA:	/1834	7211091111
NODE:	4	 APP-LAYER RECEIVED DATA:	/1	7216890265
NODE:	20	 APP-LAYER RECEIVED DATA:	/45	7217620944
NODE:	19	 APP-LAYER RECEIVED DATA:	/2565	7219552226
NODE:	16	 APP-LAYER RECEIVED DATA:	/16	7223355628
NODE:	14	 APP-LAYER RECEIVED DATA:	/174	7224788651
NODE:	0	 APP-LAYER RECEIVED DATA:	/1	7228204837
NODE:	9	 APP-LAYER RECEIVED DATA:	/1	7236626962
NODE:	12	 APP-LAYER RECEIVED DATA:	/7035	7241895358
NODE:	13	 APP-LAYER RECEIVED DATA:	/767	7242476359
NODE:	11	 APP-LAYER RECEIVED DATA:	/561	7249537410
NODE:	1	 APP-LAYER RECEIVED DATA:	/218	7250874915
NODE:	7	 APP-LAYER RECEIVED DATA:	/50	7256561187
NODE:	21	 APP-LAYER RECEIVED DATA:	/17	7260233967
NODE:	6	 APP-LAYER RECEIVED DATA:	/31	7262218950
NODE:	10	 APP-LAYER RECEIVED DATA:	/5885	7269871177
NODE:	3	 APP-LAYER RECEIVED DATA:	/398	7280570890
NODE:	8	 APP-LAYER RECEIVED DATA:	/1	7303343871
NODE:	18	 APP-LAYER RECEIVED DATA:	/8299	7314050076
NODE:	15	 APP-LAYER RECEIVED DATA:	/586	7317527927
NODE:	2	 APP-LAYER RECEIVED DATA:	/75131	7318879040
NODE:	14	 APP-LAYER RECEIVED DATA:	/2	7331419152
NODE:	4	 APP-LAYER RECEIVED DATA:	/246	7331983505
NODE:	16	 APP-LAYER RECEIVED DATA:	/88087	7338645578
NODE:	19	 APP-LAYER RECEIVED DATA:	/22571	7339769077
NODE:	1	 APP-LAYER RECEIVED DATA:	/36	7344535584
NODE:	12	 APP-LAYER RECEIVED DATA:	/9289	7354004148
NODE:	20	 APP-LAYER RECEIVED DATA:	/6	7355757999
NODE:	7	 APP-LAYER RECEIVED DATA:	/2	7355999116
NODE:	0	 APP-LAYER RECEIVED DATA:	/6	7358666679
NODE:	9	 APP-LAYER RECEIVED DATA:	/4287	7361429784
NODE:	13	 APP-LAYER RECEIVED DATA:	/6	7364056854
NODE:	11	 APP-LAYER RECEIVED DATA:	/5	7372513300
NODE:	21	 APP-LAYER RECEIVED DATA:	/2724	7375662696
NODE:	6	 APP-LAYER RECEIVED DATA:	/15367	7375920861
NODE:	10	 APP-LAYER RECEIVED DATA:	/19083	7391395657
NODE:	3	 APP-LAYER RECEIVED DATA:	/4	7395777610
NODE:	18	 APP-LAYER RECEIVED DATA:	/2383	7410879587
NODE:	15	 APP-LAYER RECEIVED DATA:	/26893	7417146236
NODE:	2	 APP-LAYER RECEIVED DATA:	/851	7423309557
NODE:	14	 APP-LAYER RECEIVED DATA:	/36	7429583932
NODE:	4	 APP-LAYER RECEIVED DATA:	/835	7434563003
NODE:	8	 APP-LAYER RECEIVED DATA:	/1	7435005426
NODE:	1	 APP-LAYER RECEIVED DATA:	/1	7450328768
NODE:	16	 APP-LAYER RECEIVED DATA:	/1	7454307232
NODE:	19	 APP-LAYER RECEIVED DATA:	/654	7464069518
NODE:	12	 APP-LAYER RECEIVED DATA:	/25	7473676377
NODE:	7	 APP-LAYER RECEIVED DATA:	/1	7476448688
NODE:	13	 APP-LAYER RECEIVED DATA:	/3224	7477848877
NODE:	0	 APP-LAYER RECEIVED DATA:	/15921	7481536695
NODE:	20	 APP-LAYER RECEIVED DATA:	/26	7483844537
NODE:	6	 APP-LAYER RECEIVED DATA:	/7	7491940615
NODE:	21	 APP-LAYER RECEIVED DATA:	/270	7492619875
NODE:	9	 APP-LAYER RECEIVED DATA:	/1	7493536737
NODE:	3	 APP-LAYER RECEIVED DATA:	/1374	7499439233
NODE:	11	 APP-LAYER RECEIVED DATA:	/1473	7502276739
NODE:	18	 APP-LAYER RECEIVED DATA:	/12386	7506119354
NODE:	10	 APP-LAYER RECEIVED DATA:	/56	7519166558
NODE:	15	 APP-LAYER RECEIVED DATA:	/1	7524268900
NODE:	2	 APP-LAYER RECEIVED DATA:	/1157	7533512192
NODE:	14	 APP-LAYER RECEIVED DATA:	/48464	7536549907
NODE:	4	 APP-LAYER RECEIVED DATA:	/4748	7546814850
NODE:	8	 APP-LAYER RECEIVED DATA:	/47623	7561636486
NODE:	16	 APP-LAYER RECEIVED DATA:	/1	7562536876
NODE:	1	 APP-LAYER RECEIVED DATA:	/330	7563016214
NODE:	13	 APP-LAYER RECEIVED DATA:	/2630	7573860124
NODE:	12	 APP-LAYER RECEIVED DATA:	/44	7577905659
NODE:	19	 APP-LAYER RECEIVED DATA:	/145	7583084469
NODE:	0	 APP-LAYER RECEIVED DATA:	/74747	7585132612
NODE:	7	 APP-LAYER RECEIVED DATA:	/5	7594929298
NODE:	20	 APP-LAYER RECEIVED DATA:	/37	7597742423
NODE:	21	 APP-LAYER RECEIVED DATA:	/649	7598534800
NODE:	6	 APP-LAYER RECEIVED DATA:	/16076	7605191328
NODE:	3	 APP-LAYER RECEIVED DATA:	/1	7605298882
NODE:	18	 APP-LAYER RECEIVED DATA:	/13071	7605891153
NODE:	11	 APP-LAYER RECEIVED DATA:	/1	7625150266
NODE:	14	 APP-LAYER RECEIVED DATA:	/5	7628136150
NODE:	15	 APP-LAYER RECEIVED DATA:	/1	7628615461
NODE:	9	 APP-LAYER RECEIVED DATA:	/241	7633387102
NODE:	10	 APP-LAYER RECEIVED DATA:	/137	7636898905
NODE:	2	 APP-LAYER RECEIVED DATA:	/290	7658645868
NODE:	4	 APP-LAYER RECEIVED DATA:	/141	7659596853
NODE:	16	 APP-LAYER RECEIVED DATA:	/2	7664605823
NODE:	1	 APP-LAYER RECEIVED DATA:	/612	7669921444
NODE:	8	 APP-LAYER RECEIVED DATA:	/157	7675887265
NODE:	12	 APP-LAYER RECEIVED DATA:	/34	7687323505
NODE:	13	 APP-LAYER RECEIVED DATA:	/38	7690039389
NODE:	3	 APP-LAYER RECEIVED DATA:	/2	7690592025
NODE:	19	 APP-LAYER RECEIVED DATA:	/2349	7703073946
NODE:	0	 APP-LAYER RECEIVED DATA:	/87	7705760933
NODE:	20	 APP-LAYER RECEIVED DATA:	/5133	7708673260
NODE:	6	 APP-LAYER RECEIVED DATA:	/5287	7714068135
NODE:	7	 APP-LAYER RECEIVED DATA:	/1232	7715699228
NODE:	21	 APP-LAYER RECEIVED DATA:	/303	7717277481
NODE:	14	 APP-LAYER RECEIVED DATA:	/3144	7722921027
NODE:	18	 APP-LAYER RECEIVED DATA:	/1902	7727844789
NODE:	15	 APP-LAYER RECEIVED DATA:	/76	7740547296
NODE:	11	 APP-LAYER RECEIVED DATA:	/70620	7749065160
NODE:	10	 APP-LAYER RECEIVED DATA:	/8	7765290350
NODE:	9	 APP-LAYER RECEIVED DATA:	/307	7770228226
NODE:	4	 APP-LAYER RECEIVED DATA:	/1299	7773966820
NODE:	16	 APP-LAYER RECEIVED DATA:	/8	7775423784
NODE:	1	 APP-LAYER RECEIVED DATA:	/352	7779095213
NODE:	2	 APP-LAYER RECEIVED DATA:	/2529	7786974658
NODE:	8	 APP-LAYER RECEIVED DATA:	/2	7789442971
NODE:	12	 APP-LAYER RECEIVED DATA:	/1	7793055710
NODE:	3	 APP-LAYER RECEIVED DATA:	/2	7800967112
NODE:	13	 APP-LAYER RECEIVED DATA:	/1817	7803744093
NODE:	7	 APP-LAYER RECEIVED DATA:	/45	7808012689
NODE:	6	 APP-LAYER RECEIVED DATA:	/128	7818073899
NODE:	14	 APP-LAYER RECEIVED DATA:	/193	7824059113
NODE:	0	 APP-LAYER RECEIVED DATA:	/26912	7827188450
NODE:	19	 APP-LAYER RECEIVED DATA:	/1	7829869395
NODE:	21	 APP-LAYER RECEIVED DATA:	/22	7831347389
NODE:	20	 APP-LAYER RECEIVED DATA:	/9925	7845170214
NODE:	18	 APP-LAYER RECEIVED DATA:	/10585	7853667104
NODE:	15	 APP-LAYER RECEIVED DATA:	/4	7856008996
NODE:	11	 APP-LAYER RECEIVED DATA:	/14	7876815844
NODE:	16	 APP-LAYER RECEIVED DATA:	/7304	7878661931
NODE:	4	 APP-LAYER RECEIVED DATA:	/12	7886161817
NODE:	9	 APP-LAYER RECEIVED DATA:	/9	7892965822
NODE:	1	 APP-LAYER RECEIVED DATA:	/5	7893235894
NODE:	10	 APP-LAYER RECEIVED DATA:	/21	7894122691
NODE:	3	 APP-LAYER RECEIVED DATA:	/547	7897671496
NODE:	2	 APP-LAYER RECEIVED DATA:	/2921	7902152837
NODE:	12	 APP-LAYER RECEIVED DATA:	/84	7907496602
NODE:	8	 APP-LAYER RECEIVED DATA:	/4376	7911239599
NODE:	13	 APP-LAYER RECEIVED DATA:	/3	7913037430
NODE:	7	 APP-LAYER RECEIVED DATA:	/1	7917560639
NODE:	14	 APP-LAYER RECEIVED DATA:	/2	7921337810
NODE:	6	 APP-LAYER RECEIVED DATA:	/1	7922098264
NODE:	0	 APP-LAYER RECEIVED DATA:	/37	7937677953
NODE:	19	 APP-LAYER RECEIVED DATA:	/83	7950064746
NODE:	21	 APP-LAYER RECEIVED DATA:	/26	7955665092
NODE:	18	 APP-LAYER RECEIVED DATA:	/263	7956734835
NODE:	15	 APP-LAYER RECEIVED DATA:	/1868	7956761326
NODE:	20	 APP-LAYER RECEIVED DATA:	/6311	7973905384
NODE:	16	 APP-LAYER RECEIVED DATA:	/43426	7989739375
NODE:	4	 APP-LAYER RECEIVED DATA:	/66929	7990306402
NODE:	3	 APP-LAYER RECEIVED DATA:	/20758	7998185165
NODE:	1	 APP-LAYER RECEIVED DATA:	/10	7998516287
NODE:	11	 APP-LAYER RECEIVED DATA:	/4615	8002034215
NODE:	2	 APP-LAYER RECEIVED DATA:	/25	8011130496
NODE:	14	 APP-LAYER RECEIVED DATA:	/6974	8011292111
NODE:	9	 APP-LAYER RECEIVED DATA:	/7	8013850948
NODE:	7	 APP-LAYER RECEIVED DATA:	/4	8015943185
NODE:	12	 APP-LAYER RECEIVED DATA:	/89	8020166715
NODE:	8	 APP-LAYER RECEIVED DATA:	/22	8020649554
NODE:	10	 APP-LAYER RECEIVED DATA:	/291	8021698729
NODE:	6	 APP-LAYER RECEIVED DATA:	/19	8026396394
NODE:	13	 APP-LAYER RECEIVED DATA:	/697	8030921169
NODE:	18	 APP-LAYER RECEIVED DATA:	/135	8060120403
NODE:	0	 APP-LAYER RECEIVED DATA:	/1	8060864351
NODE:	21	 APP-LAYER RECEIVED DATA:	/1060	8063926022
NODE:	15	 APP-LAYER RECEIVED DATA:	/1656	8064393804
NODE:	19	 APP-LAYER RECEIVED DATA:	/296	8064573121
NODE:	20	 APP-LAYER RECEIVED DATA:	/10513	8092914584
NODE:	16	 APP-LAYER RECEIVED DATA:	/61	8097284998
NODE:	4	 APP-LAYER RECEIVED DATA:	/4393	8100699270
NODE:	14	 APP-LAYER RECEIVED DATA:	/7921	8103467402
NODE:	1	 APP-LAYER RECEIVED DATA:	/4	8107796499
NODE:	3	 APP-LAYER RECEIVED DATA:	/98	8109394992
NODE:	11	 APP-LAYER RECEIVED DATA:	/1	8124177949
NODE:	6	 APP-LAYER RECEIVED DATA:	/1683	8133208158
NODE:	12	 APP-LAYER RECEIVED DATA:	/1013	8133318556
NODE:	7	 APP-LAYER RECEIVED DATA:	/40125	8133677559
NODE:	2	 APP-LAYER RECEIVED DATA:	/2	8135442903
NODE:	9	 APP-LAYER RECEIVED DATA:	/634	8137495412
NODE:	10	 APP-LAYER RECEIVED DATA:	/85	8138567115
NODE:	8	 APP-LAYER RECEIVED DATA:	/69	8140415105
NODE:	13	 APP-LAYER RECEIVED DATA:	/16	8140536166
NODE:	15	 APP-LAYER RECEIVED DATA:	/750	8161491391
NODE:	18	 APP-LAYER RECEIVED DATA:	/708	8169332601
NODE:	21	 APP-LAYER RECEIVED DATA:	/2191	8177751558
NODE:	19	 APP-LAYER RECEIVED DATA:	/8609	8178167261
NODE:	0	 APP-LAYER RECEIVED DATA:	/1	8183354451
NODE:	16	 APP-LAYER RECEIVED DATA:	/5	8202364568
NODE:	14	 APP-LAYER RECEIVED DATA:	/28	8213207744
NODE:	4	 APP-LAYER RECEIVED DATA:	/5	8213918065
NODE:	3	 APP-LAYER RECEIVED DATA:	/33	8219766992
NODE:	20	 APP-LAYER RECEIVED DATA:	/16967	8227246634
NODE:	1	 APP-LAYER RECEIVED DATA:	/7012	8229295576
NODE:	6	 APP-LAYER RECEIVED DATA:	/5478	8235312447
NODE:	12	 APP-LAYER RECEIVED DATA:	/2149	8236419767
NODE:	13	 APP-LAYER RECEIVED DATA:	/92626	8239798871
NODE:	10	 APP-LAYER RECEIVED DATA:	/299	8244164836
NODE:	7	 APP-LAYER RECEIVED DATA:	/558	8246190777
NODE:	8	 APP-LAYER RECEIVED DATA:	/55	8250220004
NODE:	2	 APP-LAYER RECEIVED DATA:	/167	8250520493
NODE:	11	 APP-LAYER RECEIVED DATA:	/15	8256356630
NODE:	9	 APP-LAYER RECEIVED DATA:	/1	8260888288
NODE:	15	 APP-LAYER RECEIVED DATA:	/142	8271586624
NODE:	18	 APP-LAYER RECEIVED DATA:	/23027	8276017900
NODE:	19	 APP-LAYER RECEIVED DATA:	/20310	8290649331
NODE:	21	 APP-LAYER RECEIVED DATA:	/21	8295146481
NODE:	0	 APP-LAYER RECEIVED DATA:	/1	8301108619
NODE:	14	 APP-LAYER RECEIVED DATA:	/1379	8305733604
NODE:	16	 APP-LAYER RECEIVED DATA:	/15	8309826829
NODE:	4	 APP-LAYER RECEIVED DATA:	/1145	8320244862
NODE:	1	 APP-LAYER RECEIVED DATA:	/40995	8331051691
NODE:	3	 APP-LAYER RECEIVED DATA:	/4285	8338484243
NODE:	7	 APP-LAYER RECEIVED DATA:	/21	8340738487
NODE:	12	 APP-LAYER RECEIVED DATA:	/3	8341341468
NODE:	6	 APP-LAYER RECEIVED DATA:	/80623	8342678378
NODE:	13	 APP-LAYER RECEIVED DATA:	/1	8352701754
NODE:	20	 APP-LAYER RECEIVED DATA:	/37513	8357696134
NODE:	8	 APP-LAYER RECEIVED DATA:	/42929	8359127723
NODE:	2	 APP-LAYER RECEIVED DATA:	/5	8365213645
NODE:	9	 APP-LAYER RECEIVED DATA:	/56	8374517564
NODE:	10	 APP-LAYER RECEIVED DATA:	/16141	8376402126
NODE:	15	 APP-LAYER RECEIVED DATA:	/7129	8383950939
NODE:	18	 APP-LAYER RECEIVED DATA:	/5	8389773655
NODE:	14	 APP-LAYER RECEIVED DATA:	/8	8402352766
NODE:	11	 APP-LAYER RECEIVED DATA:	/1249	8404492252
NODE:	19	 APP-LAYER RECEIVED DATA:	/1	8409487503
NODE:	21	 APP-LAYER RECEIVED DATA:	/2	8411956064
NODE:	16	 APP-LAYER RECEIVED DATA:	/18	8419219011
NODE:	0	 APP-LAYER RECEIVED DATA:	/530	8424452931
NODE:	4	 APP-LAYER RECEIVED DATA:	/43	8431897313
NODE:	3	 APP-LAYER RECEIVED DATA:	/7	8442684621
NODE:	1	 APP-LAYER RECEIVED DATA:	/2	8443273561
NODE:	12	 APP-LAYER RECEIVED DATA:	/998	8445364696
NODE:	7	 APP-LAYER RECEIVED DATA:	/1995	8450742194
NODE:	6	 APP-LAYER RECEIVED DATA:	/4431	8451103596
NODE:	8	 APP-LAYER RECEIVED DATA:	/23017	8471740402
NODE:	13	 APP-LAYER RECEIVED DATA:	/461	8473501955
NODE:	20	 APP-LAYER RECEIVED DATA:	/6	8485911656
NODE:	2	 APP-LAYER RECEIVED DATA:	/67816	8486730768
NODE:	10	 APP-LAYER RECEIVED DATA:	/5985	8493150709
NODE:	15	 APP-LAYER RECEIVED DATA:	/13038	8493569489
NODE:	14	 APP-LAYER RECEIVED DATA:	/7851	8499963731
NODE:	18	 APP-LAYER RECEIVED DATA:	/20	8500659644
NODE:	9	 APP-LAYER RECEIVED DATA:	/26972	8508242492
NODE:	16	 APP-LAYER RECEIVED DATA:	/4	8529756444
NODE:	0	 APP-LAYER RECEIVED DATA:	/4118	8533556290
NODE:	21	 APP-LAYER RECEIVED DATA:	/32977	8533641542
NODE:	4	 APP-LAYER RECEIVED DATA:	/4440	8536806088
NODE:	19	 APP-LAYER RECEIVED DATA:	/2	8540703849
NODE:	12	 APP-LAYER RECEIVED DATA:	/2	8542740887
NODE:	3	 APP-LAYER RECEIVED DATA:	/10	8543808293
NODE:	11	 APP-LAYER RECEIVED DATA:	/3	8545663619
NODE:	1	 APP-LAYER RECEIVED DATA:	/5	8551868870
NODE:	7	 APP-LAYER RECEIVED DATA:	/5	8558721140
NODE:	6	 APP-LAYER RECEIVED DATA:	/2836	8561407250
NODE:	13	 APP-LAYER RECEIVED DATA:	/1906	8578028842
NODE:	14	 APP-LAYER RECEIVED DATA:	/17	8592672476
NODE:	8	 APP-LAYER RECEIVED DATA:	/414	8595210998
NODE:	2	 APP-LAYER RECEIVED DATA:	/12604	8600835209
NODE:	20	 APP-LAYER RECEIVED DATA:	/57236	8602708674
NODE:	18	 APP-LAYER RECEIVED DATA:	/51	8605305844
NODE:	15	 APP-LAYER RECEIVED DATA:	/195	8605883351
NODE:	10	 APP-LAYER RECEIVED DATA:	/121	8616314729
NODE:	9	 APP-LAYER RECEIVED DATA:	/3115	8634449064
NODE:	21	 APP-LAYER RECEIVED DATA:	/76312	8638721049
NODE:	0	 APP-LAYER RECEIVED DATA:	/159	8642132846
NODE:	16	 APP-LAYER RECEIVED DATA:	/6239	8647763804
NODE:	4	 APP-LAYER RECEIVED DATA:	/1163	8650089595
NODE:	12	 APP-LAYER RECEIVED DATA:	/50750	8652484083
NODE:	3	 APP-LAYER RECEIVED DATA:	/1149	8654913192
NODE:	1	 APP-LAYER RECEIVED DATA:	/1	8662042988
NODE:	6	 APP-LAYER RECEIVED DATA:	/692	8662134536
NODE:	19	 APP-LAYER RECEIVED DATA:	/229	8665713555
NODE:	7	 APP-LAYER RECEIVED DATA:	/2291	8676924550
NODE:	11	 APP-LAYER RECEIVED DATA:	/56997	8682850587
NODE:	14	 APP-LAYER RECEIVED DATA:	/4325	8694198095
NODE:	13	 APP-LAYER RECEIVED DATA:	/17124	8705572606
NODE:	8	 APP-LAYER RECEIVED DATA:	/51443	8710150194
NODE:	2	 APP-LAYER RECEIVED DATA:	/54096	8710689903
NODE:	15	 APP-LAYER RECEIVED DATA:	/20	8711158379
NODE:	18	 APP-LAYER RECEIVED DATA:	/2	8725192958
NODE:	20	 APP-LAYER RECEIVED DATA:	/635	8731142570
NODE:	10	 APP-LAYER RECEIVED DATA:	/19777	8747463502
NODE:	4	 APP-LAYER RECEIVED DATA:	/3	8753180238
NODE:	9	 APP-LAYER RECEIVED DATA:	/2	8753291233
NODE:	21	 APP-LAYER RECEIVED DATA:	/658	8754125195
NODE:	12	 APP-LAYER RECEIVED DATA:	/6335	8754772141
NODE:	16	 APP-LAYER RECEIVED DATA:	/29262	8758318513
NODE:	6	 APP-LAYER RECEIVED DATA:	/83415	8763737716
NODE:	3	 APP-LAYER RECEIVED DATA:	/18	8765888193
NODE:	0	 APP-LAYER RECEIVED DATA:	/905	8766902642
NODE:	1	 APP-LAYER RECEIVED DATA:	/595	8771043982
NODE:	19	 APP-LAYER RECEIVED DATA:	/511	8776082646
NODE:	7	 APP-LAYER RECEIVED DATA:	/8815	8785912304
NODE:	14	 APP-LAYER RECEIVED DATA:	/40	8798127260
NODE:	11	 APP-LAYER RECEIVED DATA:	/86358	8816780688
NODE:	8	 APP-LAYER RECEIVED DATA:	/8388	8817789930
NODE:	15	 APP-LAYER RECEIVED DATA:	/5823	8819005232
NODE:	13	 APP-LAYER RECEIVED DATA:	/201	8822924123
NODE:	18	 APP-LAYER RECEIVED DATA:	/11301	8830651294
NODE:	2	 APP-LAYER RECEIVED DATA:	/54579	8839355165
NODE:	20	 APP-LAYER RECEIVED DATA:	/21442	8847326831
NODE:	4	 APP-LAYER RECEIVED DATA:	/18	8851771774
NODE:	16	 APP-LAYER RECEIVED DATA:	/6	8866596870
NODE:	21	 APP-LAYER RECEIVED DATA:	/1	8866838107
NODE:	12	 APP-LAYER RECEIVED DATA:	/548	8868497909
NODE:	1	 APP-LAYER RECEIVED DATA:	/92	8869558954
NODE:	3	 APP-LAYER RECEIVED DATA:	/1088	8872199058
NODE:	10	 APP-LAYER RECEIVED DATA:	/1	8872893254
NODE:	6	 APP-LAYER RECEIVED DATA:	/786	8876966582
NODE:	9	 APP-LAYER RECEIVED DATA:	/6765	8877847698
NODE:	0	 APP-LAYER RECEIVED DATA:	/947	8888413914
NODE:	7	 APP-LAYER RECEIVED DATA:	/3294	8891142086
NODE:	19	 APP-LAYER RECEIVED DATA:	/2	8893993950
NODE:	14	 APP-LAYER RECEIVED DATA:	/1	8899984902
NODE:	11	 APP-LAYER RECEIVED DATA:	/1	8917623752
NODE:	15	 APP-LAYER RECEIVED DATA:	/2746	8931907394
NODE:	13	 APP-LAYER RECEIVED DATA:	/3	8932715993
NODE:	8	 APP-LAYER RECEIVED DATA:	/2369	8940478641
NODE:	18	 APP-LAYER RECEIVED DATA:	/1	8943138609
NODE:	2	 APP-LAYER RECEIVED DATA:	/62951	8954933176
NODE:	4	 APP-LAYER RECEIVED DATA:	/12	8955323607
NODE:	1	 APP-LAYER RECEIVED DATA:	/553	8968724221
NODE:	12	 APP-LAYER RECEIVED DATA:	/4182	8972944171
NODE:	6	 APP-LAYER RECEIVED DATA:	/7738	8980269186
NODE:	20	 APP-LAYER RECEIVED DATA:	/1	8980960197
NODE:	16	 APP-LAYER RECEIVED DATA:	/3286	8982678844
NODE:	3	 APP-LAYER RECEIVED DATA:	/4093	8983773601
NODE:	21	 APP-LAYER RECEIVED DATA:	/402	8987782008
NODE:	10	 APP-LAYER RECEIVED DATA:	/43	8987908681
NODE:	7	 APP-LAYER RECEIVED DATA:	/2	8993638372
NODE:	14	 APP-LAYER RECEIVED DATA:	/2983	8995660284
NODE:	9	 APP-LAYER RECEIVED DATA:	/5	8997668426
NODE:	0	 APP-LAYER RECEIVED DATA:	/3176	8998626192
NODE:	19	 APP-LAYER RECEIVED DATA:	/17223	9011647901
NODE:	15	 APP-LAYER RECEIVED DATA:	/330	9028894842
NODE:	11	 APP-LAYER RECEIVED DATA:	/3	9034111532
NODE:	13	 APP-LAYER RECEIVED DATA:	/3557	9044750416
NODE:	18	 APP-LAYER RECEIVED DATA:	/5	9049031442
NODE:	8	 APP-LAYER RECEIVED DATA:	/11875	9053080165
NODE:	4	 APP-LAYER RECEIVED DATA:	/63793	9065926695
NODE:	1	 APP-LAYER RECEIVED DATA:	/4649	9073558792
NODE:	2	 APP-LAYER RECEIVED DATA:	/481	9074889660
NODE:	12	 APP-LAYER RECEIVED DATA:	/12	9079769356
NODE:	3	 APP-LAYER RECEIVED DATA:	/1	9086095030
NODE:	16	 APP-LAYER RECEIVED DATA:	/94935	9093062656
NODE:	14	 APP-LAYER RECEIVED DATA:	/977	9097343346
NODE:	6	 APP-LAYER RECEIVED DATA:	/3	9097493251
NODE:	20	 APP-LAYER RECEIVED DATA:	/1	9097983650
NODE:	7	 APP-LAYER RECEIVED DATA:	/39	9098698127
NODE:	21	 APP-LAYER RECEIVED DATA:	/4776	9105809025
NODE:	0	 APP-LAYER RECEIVED DATA:	/537	9106884099
NODE:	10	 APP-LAYER RECEIVED DATA:	/1	9125039813
NODE:	19	 APP-LAYER RECEIVED DATA:	/4041	9128756622
NODE:	9	 APP-LAYER RECEIVED DATA:	/5946	9129720861
NODE:	15	 APP-LAYER RECEIVED DATA:	/5	9143546675
NODE:	4	 APP-LAYER RECEIVED DATA:	/7235	9161914953
NODE:	13	 APP-LAYER RECEIVED DATA:	/5	9164362987
NODE:	8	 APP-LAYER RECEIVED DATA:	/5532	9166817551
NODE:	11	 APP-LAYER RECEIVED DATA:	/244	9169364018
NODE:	18	 APP-LAYER RECEIVED DATA:	/3	9169997375
NODE:	12	 APP-LAYER RECEIVED DATA:	/46775	9176553374
NODE:	2	 APP-LAYER RECEIVED DATA:	/747	9179517328
NODE:	1	 APP-LAYER RECEIVED DATA:	/693	9181573173
NODE:	3	 APP-LAYER RECEIVED DATA:	/46432	9191973445
NODE:	16	 APP-LAYER RECEIVED DATA:	/42667	9195285503
NODE:	14	 APP-LAYER RECEIVED DATA:	/128	9200022999
NODE:	6	 APP-LAYER RECEIVED DATA:	/2497	9202103498
NODE:	7	 APP-LAYER RECEIVED DATA:	/201	9206330789
NODE:	0	 APP-LAYER RECEIVED DATA:	/8355	9221989395
NODE:	21	 APP-LAYER RECEIVED DATA:	/7302	9227905151
NODE:	20	 APP-LAYER RECEIVED DATA:	/2	9233298477
NODE:	19	 APP-LAYER RECEIVED DATA:	/218	9235188904
NODE:	10	 APP-LAYER RECEIVED DATA:	/105	9242917357
NODE:	9	 APP-LAYER RECEIVED DATA:	/117	9245177547
NODE:	15	 APP-LAYER RECEIVED DATA:	/2249	9260350818
NODE:	4	 APP-LAYER RECEIVED DATA:	/2	9265011112
NODE:	13	 APP-LAYER RECEIVED DATA:	/11	9273057781
NODE:	18	 APP-LAYER RECEIVED DATA:	/2901	9273352631
NODE:	12	 APP-LAYER RECEIVED DATA:	/27	9277051572
NODE:	11	 APP-LAYER RECEIVED DATA:	/110	9283389844
NODE:	8	 APP-LAYER RECEIVED DATA:	/56	9287289144
NODE:	1	 APP-LAYER RECEIVED DATA:	/239	9288092835
NODE:	2	 APP-LAYER RECEIVED DATA:	/17	9288507350
NODE:	7	 APP-LAYER RECEIVED DATA:	/3	9296583837
NODE:	14	 APP-LAYER RECEIVED DATA:	/235	9299007513
NODE:	3	 APP-LAYER RECEIVED DATA:	/2506	9302218550
NODE:	6	 APP-LAYER RECEIVED DATA:	/1465	9308262429
NODE:	16	 APP-LAYER RECEIVED DATA:	/25872	9311370734
NODE:	0	 APP-LAYER RECEIVED DATA:	/78	9325186209
NODE:	21	 APP-LAYER RECEIVED DATA:	/3	9338472367
NODE:	19	 APP-LAYER RECEIVED DATA:	/1	9341861369
NODE:	10	 APP-LAYER RECEIVED DATA:	/2717	9357806559
NODE:	15	 APP-LAYER RECEIVED DATA:	/29411	9360280008
NODE:	20	 APP-LAYER RECEIVED DATA:	/2597	9363816767
NODE:	9	 APP-LAYER RECEIVED DATA:	/17793	9375367344
NODE:	4	 APP-LAYER RECEIVED DATA:	/1	9376112389
NODE:	18	 APP-LAYER RECEIVED DATA:	/10447	9378475636
NODE:	13	 APP-LAYER RECEIVED DATA:	/355	9382608905
NODE:	12	 APP-LAYER RECEIVED DATA:	/6	9383672007
NODE:	11	 APP-LAYER RECEIVED DATA:	/7159	9389323188
NODE:	14	 APP-LAYER RECEIVED DATA:	/3351	9397908667
NODE:	2	 APP-LAYER RECEIVED DATA:	/1373	9399383015
NODE:	1	 APP-LAYER RECEIVED DATA:	/13	9399590156
NODE:	7	 APP-LAYER RECEIVED DATA:	/17	9400385391
NODE:	8	 APP-LAYER RECEIVED DATA:	/3	9405994193
NODE:	3	 APP-LAYER RECEIVED DATA:	/2	9408317497
NODE:	6	 APP-LAYER RECEIVED DATA:	/182	9420925346
NODE:	16	 APP-LAYER RECEIVED DATA:	/1	9424770251
NODE:	0	 APP-LAYER RECEIVED DATA:	/17532	9448341112
NODE:	21	 APP-LAYER RECEIVED DATA:	/3853	9453608760
NODE:	15	 APP-LAYER RECEIVED DATA:	/58914	9457391091
NODE:	19	 APP-LAYER RECEIVED DATA:	/175	9465705283
NODE:	4	 APP-LAYER RECEIVED DATA:	/63023	9479903095
NODE:	10	 APP-LAYER RECEIVED DATA:	/3	9480826700
NODE:	20	 APP-LAYER RECEIVED DATA:	/5506	9491653858
NODE:	18	 APP-LAYER RECEIVED DATA:	/9	9491696155
NODE:	9	 APP-LAYER RECEIVED DATA:	/491	9493398134
NODE:	13	 APP-LAYER RECEIVED DATA:	/1	9493571860
NODE:	12	 APP-LAYER RECEIVED DATA:	/22507	9497971861
NODE:	14	 APP-LAYER RECEIVED DATA:	/9	9500801959
NODE:	1	 APP-LAYER RECEIVED DATA:	/13	9504492151
NODE:	7	 APP-LAYER RECEIVED DATA:	/16	9509485825
NODE:	2	 APP-LAYER RECEIVED DATA:	/5	9511539953
NODE:	11	 APP-LAYER RECEIVED DATA:	/272	9517072056
NODE:	3	 APP-LAYER RECEIVED DATA:	/1	9517345521
NODE:	8	 APP-LAYER RECEIVED DATA:	/5691	9517358192
NODE:	16	 APP-LAYER RECEIVED DATA:	/191	9528142255
NODE:	6	 APP-LAYER RECEIVED DATA:	/175	9528657715
NODE:	0	 APP-LAYER RECEIVED DATA:	/16693	9563812681
NODE:	15	 APP-LAYER RECEIVED DATA:	/86	9564017660
NODE:	19	 APP-LAYER RECEIVED DATA:	/2427	9573269997
NODE:	21	 APP-LAYER RECEIVED DATA:	/268	9585545483
NODE:	4	 APP-LAYER RECEIVED DATA:	/1414	9589954990
NODE:	1	 APP-LAYER RECEIVED DATA:	/7123	9598586633
NODE:	18	 APP-LAYER RECEIVED DATA:	/134	9600641943
NODE:	10	 APP-LAYER RECEIVED DATA:	/8	9600788061
NODE:	14	 APP-LAYER RECEIVED DATA:	/9991	9601368452
NODE:	13	 APP-LAYER RECEIVED DATA:	/83	9605708458
NODE:	20	 APP-LAYER RECEIVED DATA:	/49536	9609981968
NODE:	9	 APP-LAYER RECEIVED DATA:	/31342	9615142796
NODE:	12	 APP-LAYER RECEIVED DATA:	/53538	9615955971
NODE:	8	 APP-LAYER RECEIVED DATA:	/6574	9624041582
NODE:	7	 APP-LAYER RECEIVED DATA:	/17	9626001363
NODE:	11	 APP-LAYER RECEIVED DATA:	/29	9626137850
NODE:	2	 APP-LAYER RECEIVED DATA:	/17	9627220459
NODE:	6	 APP-LAYER RECEIVED DATA:	/1	9627396186
NODE:	3	 APP-LAYER RECEIVED DATA:	/116	9629453492
NODE:	16	 APP-LAYER RECEIVED DATA:	/2	9642081563
NODE:	15	 APP-LAYER RECEIVED DATA:	/67	9670622001
NODE:	0	 APP-LAYER RECEIVED DATA:	/103807	9670671049
NODE:	19	 APP-LAYER RECEIVED DATA:	/16	9691037471
NODE:	4	 APP-LAYER RECEIVED DATA:	/57219	9698492625
NODE:	21	 APP-LAYER RECEIVED DATA:	/44515	9699222985
NODE:	14	 APP-LAYER RECEIVED DATA:	/26	9701520036
NODE:	18	 APP-LAYER RECEIVED DATA:	/9455	9703695590
NODE:	1	 APP-LAYER RECEIVED DATA:	/5	9710599737
NODE:	10	 APP-LAYER RECEIVED DATA:	/2	9715936183
NODE:	12	 APP-LAYER RECEIVED DATA:	/1	9720488234
NODE:	13	 APP-LAYER RECEIVED DATA:	/10	9724604953
NODE:	9	 APP-LAYER RECEIVED DATA:	/60544	9729954673
NODE:	8	 APP-LAYER RECEIVED DATA:	/69498	9732852479
NODE:	3	 APP-LAYER RECEIVED DATA:	/10366	9734390313
NODE:	7	 APP-LAYER RECEIVED DATA:	/9	9736138792
NODE:	6	 APP-LAYER RECEIVED DATA:	/82976	9744685135
NODE:	11	 APP-LAYER RECEIVED DATA:	/18542	9746470509
NODE:	20	 APP-LAYER RECEIVED DATA:	/5	9748441581
NODE:	2	 APP-LAYER RECEIVED DATA:	/1679	9749434879
NODE:	16	 APP-LAYER RECEIVED DATA:	/40	9752224796
NODE:	15	 APP-LAYER RECEIVED DATA:	/46	9781149194
NODE:	0	 APP-LAYER RECEIVED DATA:	/278	9796364815
NODE:	14	 APP-LAYER RECEIVED DATA:	/12	9803791415
NODE:	19	 APP-LAYER RECEIVED DATA:	/206	9811522118
NODE:	4	 APP-LAYER RECEIVED DATA:	/101	9811833320
NODE:	18	 APP-LAYER RECEIVED DATA:	/36	9812418523
NODE:	21	 APP-LAYER RECEIVED DATA:	/2756	9814118382
NODE:	12	 APP-LAYER RECEIVED DATA:	/3	9824183898
NODE:	13	 APP-LAYER RECEIVED DATA:	/271	9824867411
NODE:	1	 APP-LAYER RECEIVED DATA:	/1	9832243900
NODE:	3	 APP-LAYER RECEIVED DATA:	/4	9836068891
NODE:	10	 APP-LAYER RECEIVED DATA:	/10	9842949220
NODE:	6	 APP-LAYER RECEIVED DATA:	/34	9843147510
NODE:	9	 APP-LAYER RECEIVED DATA:	/419	9843339315
NODE:	7	 APP-LAYER RECEIVED DATA:	/11621	9849060549
NODE:	8	 APP-LAYER RECEIVED DATA:	/20738	9851587863
NODE:	16	 APP-LAYER RECEIVED DATA:	/15261	9858025826
NODE:	20	 APP-LAYER RECEIVED DATA:	/2	9863457115
NODE:	11	 APP-LAYER RECEIVED DATA:	/55	9864429451
NODE:	2	 APP-LAYER RECEIVED DATA:	/2	9872367289
NODE:	15	 APP-LAYER RECEIVED DATA:	/60	9893926488
NODE:	14	 APP-LAYER RECEIVED DATA:	/56089	9905321643
NODE:	0	 APP-LAYER RECEIVED DATA:	/76424	9920376533
NODE:	4	 APP-LAYER RECEIVED DATA:	/2	9922742265
NODE:	18	 APP-LAYER RECEIVED DATA:	/478	9924927023
NODE:	19	 APP-LAYER RECEIVED DATA:	/9	9927849431
NODE:	21	 APP-LAYER RECEIVED DATA:	/14	9930444184
NODE:	12	 APP-LAYER RECEIVED DATA:	/1886	9931207112
NODE:	13	 APP-LAYER RECEIVED DATA:	/103	9941096847
NODE:	1	 APP-LAYER RECEIVED DATA:	/1	9946714392
NODE:	7	 APP-LAYER RECEIVED DATA:	/573	9949056435
NODE:	3	 APP-LAYER RECEIVED DATA:	/41	9950737294
NODE:	8	 APP-LAYER RECEIVED DATA:	/37878	9952397462
NODE:	9	 APP-LAYER RECEIVED DATA:	/3085	9954427336
NODE:	6	 APP-LAYER RECEIVED DATA:	/925	9958364537
NODE:	10	 APP-LAYER RECEIVED DATA:	/4599	9959338677
NODE:	16	 APP-LAYER RECEIVED DATA:	/1	9973093470
NODE:	20	 APP-LAYER RECEIVED DATA:	/191	9975587150
NODE:	15	 APP-LAYER RECEIVED DATA:	/1	9999529670
NODE:	2	 APP-LAYER RECEIVED DATA:	/14	10001057809
NODE:	11	 APP-LAYER RECEIVED DATA:	/16875	10010003377
NODE:	4	 APP-LAYER RECEIVED DATA:	/430	10023950015
NODE:	18	 APP-LAYER RECEIVED DATA:	/2811	10033642022
NODE:	21	 APP-LAYER RECEIVED DATA:	/267	10037309984
NODE:	19	 APP-LAYER RECEIVED DATA:	/1220	10042096946
NODE:	7	 APP-LAYER RECEIVED DATA:	/2	10042513440
NODE:	0	 APP-LAYER RECEIVED DATA:	/17	10043301435
NODE:	13	 APP-LAYER RECEIVED DATA:	/20	10044935300
NODE:	1	 APP-LAYER RECEIVED DATA:	/1924	10049704298
NODE:	12	 APP-LAYER RECEIVED DATA:	/22556	10052254114
NODE:	6	 APP-LAYER RECEIVED DATA:	/93362	10059259237
NODE:	3	 APP-LAYER RECEIVED DATA:	/3	10059859458
NODE:	8	 APP-LAYER RECEIVED DATA:	/3	10066977892
NODE:	9	 APP-LAYER RECEIVED DATA:	/5144	10070587163
NODE:	16	 APP-LAYER RECEIVED DATA:	/88893	10076388605
NODE:	10	 APP-LAYER RECEIVED DATA:	/38	10082879146
NODE:	15	 APP-LAYER RECEIVED DATA:	/148	10099315448
NODE:	20	 APP-LAYER RECEIVED DATA:	/2	10107407062
NODE:	2	 APP-LAYER RECEIVED DATA:	/1	10121205281
NODE:	4	 APP-LAYER RECEIVED DATA:	/7887	10135460777
NODE:	11	 APP-LAYER RECEIVED DATA:	/14489	10143860616
NODE:	0	 APP-LAYER RECEIVED DATA:	/383	10149444079
NODE:	7	 APP-LAYER RECEIVED DATA:	/3	10150767848
NODE:	18	 APP-LAYER RECEIVED DATA:	/1	10151395389
NODE:	19	 APP-LAYER RECEIVED DATA:	/1	10154774917
NODE:	21	 APP-LAYER RECEIVED DATA:	/1	10157403712
NODE:	13	 APP-LAYER RECEIVED DATA:	/3260	10159825792
NODE:	12	 APP-LAYER RECEIVED DATA:	/6	10161366053
NODE:	1	 APP-LAYER RECEIVED DATA:	/1	10164468241
NODE:	6	 APP-LAYER RECEIVED DATA:	/10	10167423794
NODE:	3	 APP-LAYER RECEIVED DATA:	/32774	10169228458
NODE:	8	 APP-LAYER RECEIVED DATA:	/24296	10182544049
NODE:	16	 APP-LAYER RECEIVED DATA:	/6782	10187356373
NODE:	9	 APP-LAYER RECEIVED DATA:	/1	10202240269
NODE:	15	 APP-LAYER RECEIVED DATA:	/13499	10213900930
NODE:	20	 APP-LAYER RECEIVED DATA:	/35	10219084232
NODE:	10	 APP-LAYER RECEIVED DATA:	/153	10219183303
NODE:	2	 APP-LAYER RECEIVED DATA:	/99460	10234508431
NODE:	4	 APP-LAYER RECEIVED DATA:	/10	10247823250
NODE:	18	 APP-LAYER RECEIVED DATA:	/110	10254512581
NODE:	0	 APP-LAYER RECEIVED DATA:	/4	10258034730
NODE:	7	 APP-LAYER RECEIVED DATA:	/23	10259967074
NODE:	19	 APP-LAYER RECEIVED DATA:	/613	10261019146
NODE:	11	 APP-LAYER RECEIVED DATA:	/345	10261473194
NODE:	13	 APP-LAYER RECEIVED DATA:	/8716	10265239460
NODE:	6	 APP-LAYER RECEIVED DATA:	/380	10266989120
NODE:	21	 APP-LAYER RECEIVED DATA:	/1184	10271710907
NODE:	3	 APP-LAYER RECEIVED DATA:	/21906	10272455499
NODE:	12	 APP-LAYER RECEIVED DATA:	/8	10273279691
NODE:	1	 APP-LAYER RECEIVED DATA:	/11397	10284814038
NODE:	8	 APP-LAYER RECEIVED DATA:	/1	10285711653
NODE:	16	 APP-LAYER RECEIVED DATA:	/35214	10290851858
NODE:	9	 APP-LAYER RECEIVED DATA:	/221	10306198608
NODE:	15	 APP-LAYER RECEIVED DATA:	/83	10311474860
NODE:	20	 APP-LAYER RECEIVED DATA:	/2941	10336816535
NODE:	2	 APP-LAYER RECEIVED DATA:	/504	10345055933
NODE:	10	 APP-LAYER RECEIVED DATA:	/75	10348158169
NODE:	18	 APP-LAYER RECEIVED DATA:	/64	10361427021
NODE:	4	 APP-LAYER RECEIVED DATA:	/2	10361639164
NODE:	6	 APP-LAYER RECEIVED DATA:	/2408	10366502199
NODE:	7	 APP-LAYER RECEIVED DATA:	/10	10367767618
NODE:	0	 APP-LAYER RECEIVED DATA:	/4964	10373906865
NODE:	13	 APP-LAYER RECEIVED DATA:	/28233	10374270961
NODE:	11	 APP-LAYER RECEIVED DATA:	/4064	10379273731
NODE:	3	 APP-LAYER RECEIVED DATA:	/382	10379301503
NODE:	12	 APP-LAYER RECEIVED DATA:	/8899	10379483900
NODE:	21	 APP-LAYER RECEIVED DATA:	/82	10383581440
NODE:	19	 APP-LAYER RECEIVED DATA:	/41	10388009024
NODE:	16	 APP-LAYER RECEIVED DATA:	/1	10390262569
NODE:	1	 APP-LAYER RECEIVED DATA:	/84	10399448189
NODE:	8	 APP-LAYER RECEIVED DATA:	/2	10403767427
NODE:	15	 APP-LAYER RECEIVED DATA:	/49	10411960698
NODE:	9	 APP-LAYER RECEIVED DATA:	/449	10426401420
NODE:	2	 APP-LAYER RECEIVED DATA:	/68943	10457495220
NODE:	20	 APP-LAYER RECEIVED DATA:	/101	10465887487
NODE:	4	 APP-LAYER RECEIVED DATA:	/71283	10468078203
NODE:	18	 APP-LAYER RECEIVED DATA:	/1179	10469973943
NODE:	6	 APP-LAYER RECEIVED DATA:	/499	10470130786
NODE:	10	 APP-LAYER RECEIVED DATA:	/46864	10472989944
NODE:	7	 APP-LAYER RECEIVED DATA:	/9478	10476780894
NODE:	12	 APP-LAYER RECEIVED DATA:	/1	10486657798
NODE:	13	 APP-LAYER RECEIVED DATA:	/2648	10488401952
NODE:	3	 APP-LAYER RECEIVED DATA:	/29	10494775678
NODE:	16	 APP-LAYER RECEIVED DATA:	/1	10498682173
NODE:	0	 APP-LAYER RECEIVED DATA:	/28	10499671739
NODE:	21	 APP-LAYER RECEIVED DATA:	/84	10501863961
NODE:	19	 APP-LAYER RECEIVED DATA:	/67	10503263230
NODE:	11	 APP-LAYER RECEIVED DATA:	/8	10505291860
NODE:	1	 APP-LAYER RECEIVED DATA:	/540	10509226318
NODE:	8	 APP-LAYER RECEIVED DATA:	/3	10511439568
NODE:	15	 APP-LAYER RECEIVED DATA:	/101477	10531411860
NODE:	9	 APP-LAYER RECEIVED DATA:	/219	10546616632
NODE:	4	 APP-LAYER RECEIVED DATA:	/604	10563194395
NODE:	7	 APP-LAYER RECEIVED DATA:	/1167	10577222906
NODE:	2	 APP-LAYER RECEIVED DATA:	/9986	10577693502
NODE:	20	 APP-LAYER RECEIVED DATA:	/1	10578697299
NODE:	18	 APP-LAYER RECEIVED DATA:	/982	10580265712
NODE:	6	 APP-LAYER RECEIVED DATA:	/125	10583657900
NODE:	13	 APP-LAYER RECEIVED DATA:	/2	10595323671
NODE:	12	 APP-LAYER RECEIVED DATA:	/82067	10595598477
NODE:	10	 APP-LAYER RECEIVED DATA:	/3	10598744976
NODE:	3	 APP-LAYER RECEIVED DATA:	/61491	10602704565
NODE:	16	 APP-LAYER RECEIVED DATA:	/1	10607426683
NODE:	21	 APP-LAYER RECEIVED DATA:	/346	10614725672
NODE:	19	 APP-LAYER RECEIVED DATA:	/3	10621188578
NODE:	0	 APP-LAYER RECEIVED DATA:	/13	10622544317
NODE:	8	 APP-LAYER RECEIVED DATA:	/2576	10622633678
NODE:	1	 APP-LAYER RECEIVED DATA:	/24210	10623325869
NODE:	15	 APP-LAYER RECEIVED DATA:	/141	10634627248
NODE:	11	 APP-LAYER RECEIVED DATA:	/2521	10635633912
NODE:	9	 APP-LAYER RECEIVED DATA:	/231	10666488561
NODE:	4	 APP-LAYER RECEIVED DATA:	/78850	10672690457
NODE:	7	 APP-LAYER RECEIVED DATA:	/40	10682232471
NODE:	6	 APP-LAYER RECEIVED DATA:	/4950	10683634081
NODE:	18	 APP-LAYER RECEIVED DATA:	/2	10697883520
NODE:	20	 APP-LAYER RECEIVED DATA:	/83	10699917796
NODE:	2	 APP-LAYER RECEIVED DATA:	/5	10704746409
NODE:	13	 APP-LAYER RECEIVED DATA:	/10	10705516909
NODE:	12	 APP-LAYER RECEIVED DATA:	/2211	10707118937
NODE:	16	 APP-LAYER RECEIVED DATA:	/61	10715599000
NODE:	10	 APP-LAYER RECEIVED DATA:	/447	10716245591
NODE:	21	 APP-LAYER RECEIVED DATA:	/23808	10717836493
NODE:	3	 APP-LAYER RECEIVED DATA:	/1	10720275271
NODE:	19	 APP-LAYER RECEIVED DATA:	/1008	10725198258
NODE:	0	 APP-LAYER RECEIVED DATA:	/3	10731261150
NODE:	8	 APP-LAYER RECEIVED DATA:	/13910	10737542071
NODE:	15	 APP-LAYER RECEIVED DATA:	/24	10739675495
NODE:	1	 APP-LAYER RECEIVED DATA:	/2	10743635078
NODE:	11	 APP-LAYER RECEIVED DATA:	/878	10752919069
NODE:	4	 APP-LAYER RECEIVED DATA:	/24053	10773263619
NODE:	9	 APP-LAYER RECEIVED DATA:	/730	10781931480
NODE:	6	 APP-LAYER RECEIVED DATA:	/44842	10783084687
NODE:	7	 APP-LAYER RECEIVED DATA:	/840	10788770317
NODE:	18	 APP-LAYER RECEIVED DATA:	/80706	10803913615
NODE:	12	 APP-LAYER RECEIVED DATA:	/1	10811621335
NODE:	13	 APP-LAYER RECEIVED DATA:	/50669	10813263663
NODE:	20	 APP-LAYER RECEIVED DATA:	/1	10814520511
NODE:	2	 APP-LAYER RECEIVED DATA:	/50970	10821716435
NODE:	3	 APP-LAYER RECEIVED DATA:	/12	10827282565
NODE:	16	 APP-LAYER RECEIVED DATA:	/978	10828457365
NODE:	21	 APP-LAYER RECEIVED DATA:	/1896	10829132497
NODE:	10	 APP-LAYER RECEIVED DATA:	/41	10831101226
NODE:	0	 APP-LAYER RECEIVED DATA:	/9190	10839350906
NODE:	8	 APP-LAYER RECEIVED DATA:	/32	10839853128
NODE:	19	 APP-LAYER RECEIVED DATA:	/9803	10844434093
NODE:	1	 APP-LAYER RECEIVED DATA:	/1024	10854954741
NODE:	15	 APP-LAYER RECEIVED DATA:	/1	10864819739
NODE:	11	 APP-LAYER RECEIVED DATA:	/10482	10872247189
NODE:	4	 APP-LAYER RECEIVED DATA:	/5216	10880277042
NODE:	6	 APP-LAYER RECEIVED DATA:	/20	10884935242
NODE:	7	 APP-LAYER RECEIVED DATA:	/1	10893305323
NODE:	18	 APP-LAYER RECEIVED DATA:	/1842	10901451159
NODE:	9	 APP-LAYER RECEIVED DATA:	/21	10908314662
NODE:	13	 APP-LAYER RECEIVED DATA:	/1104	10915545212
NODE:	12	 APP-LAYER RECEIVED DATA:	/23	10920970103
NODE:	20	 APP-LAYER RECEIVED DATA:	/15	10930931747
NODE:	2	 APP-LAYER RECEIVED DATA:	/36	10931514118
NODE:	16	 APP-LAYER RECEIVED DATA:	/18122	10932053289
NODE:	3	 APP-LAYER RECEIVED DATA:	/1525	10932919901
NODE:	21	 APP-LAYER RECEIVED DATA:	/2	10951473644
NODE:	19	 APP-LAYER RECEIVED DATA:	/46	10956075097
NODE:	0	 APP-LAYER RECEIVED DATA:	/2	10956160499
NODE:	8	 APP-LAYER RECEIVED DATA:	/2	10959828676
NODE:	10	 APP-LAYER RECEIVED DATA:	/4	10960245458
NODE:	1	 APP-LAYER RECEIVED DATA:	/11	10961132614
NODE:	15	 APP-LAYER RECEIVED DATA:	/46	10969183879
NODE:	6	 APP-LAYER RECEIVED DATA:	/8867	10978275483
NODE:	11	 APP-LAYER RECEIVED DATA:	/4053	10987982087
NODE:	7	 APP-LAYER RECEIVED DATA:	/602	10989954338
Command ['/media/DATI/tortelli/Simulazioni_BF_SpecialIssue/ndnSIM_Routing_NewBf/ns-3/build/scratch/bloom-filter-routing-scenario', '--valoreAlpha=1', '--contentCatalogFib=104450', '--desiredPfpFib=0.05', '--cellWidthBfFib=2', '--bfScope=fib', '--bfTypeFib=simple', '--bfFibInitMethod=custom', '--cacheToCatalog=0.003', '--customLengthBfFib=325634', '--customHashesBfFib=2', '--simType=3', '--ns3::ndn::ConsumerCbr::Randomize=uniform', '--ns3::ndn::Consumer::LifeTime=2s', '--ns3::ndn::Consumer::RetxTimer=25ms', '--RngRun=6', '--RngSeed=1'] terminated with signal SIGSEGV. Run it under a debugger to get more information (./waf --run <program> --command-template="gdb --args %s <args>").
