Waf: Entering directory `/media/DATI/tortelli/Simulazioni_BF_SpecialIssue/ndnSIM_Routing_NewBf/ns-3/build'
Waf: Leaving directory `/media/DATI/tortelli/Simulazioni_BF_SpecialIssue/ndnSIM_Routing_NewBf/ns-3/build'
'build' finished successfully (0.559s)
The total number of nodes is:	22
CHOSEN REPOSITORY:	17
CHOSEN REPOSITORY:	12
*** BF STABLE *** Number of Interfaces INIT:	2
*** BF STABLE *** Extract Optimum
*** BF STABLE *** LUNGHEZZA FILTRO [bit]:	651269
HASH FUNCTIONS:	4
*** BF STABLE *** LUNGHEZZA FILTRO COUNT[bit]:	1302554
*** BF STABLE *** DECREM POS:	16
*** BF STABLE *** Number of Interfaces INIT:	5
*** BF STABLE *** Extract Optimum
*** BF STABLE *** LUNGHEZZA FILTRO [bit]:	651269
HASH FUNCTIONS:	4
*** BF STABLE *** LUNGHEZZA FILTRO COUNT[bit]:	1302554
*** BF STABLE *** DECREM POS:	16
*** BF STABLE *** Number of Interfaces INIT:	2
*** BF STABLE *** Extract Optimum
*** BF STABLE *** LUNGHEZZA FILTRO [bit]:	651269
HASH FUNCTIONS:	4
*** BF STABLE *** LUNGHEZZA FILTRO COUNT[bit]:	1302554
*** BF STABLE *** DECREM POS:	16
*** BF STABLE *** Number of Interfaces INIT:	5
*** BF STABLE *** Extract Optimum
*** BF STABLE *** LUNGHEZZA FILTRO [bit]:	651269
HASH FUNCTIONS:	4
*** BF STABLE *** LUNGHEZZA FILTRO COUNT[bit]:	1302554
*** BF STABLE *** DECREM POS:	16
*** BF STABLE *** Number of Interfaces INIT:	5
*** BF STABLE *** Extract Optimum
*** BF STABLE *** LUNGHEZZA FILTRO [bit]:	651269
HASH FUNCTIONS:	4
*** BF STABLE *** LUNGHEZZA FILTRO COUNT[bit]:	1302554
*** BF STABLE *** DECREM POS:	16
*** BF STABLE *** Number of Interfaces INIT:	3
*** BF STABLE *** Extract Optimum
*** BF STABLE *** LUNGHEZZA FILTRO [bit]:	651269
HASH FUNCTIONS:	4
*** BF STABLE *** LUNGHEZZA FILTRO COUNT[bit]:	1302554
*** BF STABLE *** DECREM POS:	16
*** BF STABLE *** Number of Interfaces INIT:	2
*** BF STABLE *** Extract Optimum
*** BF STABLE *** LUNGHEZZA FILTRO [bit]:	651269
HASH FUNCTIONS:	4
*** BF STABLE *** LUNGHEZZA FILTRO COUNT[bit]:	1302554
*** BF STABLE *** DECREM POS:	16
*** BF STABLE *** Number of Interfaces INIT:	3
*** BF STABLE *** Extract Optimum
*** BF STABLE *** LUNGHEZZA FILTRO [bit]:	651269
HASH FUNCTIONS:	4
*** BF STABLE *** LUNGHEZZA FILTRO COUNT[bit]:	1302554
*** BF STABLE *** DECREM POS:	16
*** BF STABLE *** Number of Interfaces INIT:	2
*** BF STABLE *** Extract Optimum
*** BF STABLE *** LUNGHEZZA FILTRO [bit]:	651269
HASH FUNCTIONS:	4
*** BF STABLE *** LUNGHEZZA FILTRO COUNT[bit]:	1302554
*** BF STABLE *** DECREM POS:	16
*** BF STABLE *** Number of Interfaces INIT:	3
*** BF STABLE *** Extract Optimum
*** BF STABLE *** LUNGHEZZA FILTRO [bit]:	651269
HASH FUNCTIONS:	4
*** BF STABLE *** LUNGHEZZA FILTRO COUNT[bit]:	1302554
*** BF STABLE *** DECREM POS:	16
*** BF STABLE *** Number of Interfaces INIT:	2
*** BF STABLE *** Extract Optimum
*** BF STABLE *** LUNGHEZZA FILTRO [bit]:	651269
HASH FUNCTIONS:	4
*** BF STABLE *** LUNGHEZZA FILTRO COUNT[bit]:	1302554
*** BF STABLE *** DECREM POS:	16
*** BF STABLE *** Number of Interfaces INIT:	2
*** BF STABLE *** Extract Optimum
*** BF STABLE *** LUNGHEZZA FILTRO [bit]:	651269
HASH FUNCTIONS:	4
*** BF STABLE *** LUNGHEZZA FILTRO COUNT[bit]:	1302554
*** BF STABLE *** DECREM POS:	16
*** BF STABLE *** Number of Interfaces INIT:	5
*** BF STABLE *** Extract Optimum
*** BF STABLE *** LUNGHEZZA FILTRO [bit]:	651269
HASH FUNCTIONS:	4
*** BF STABLE *** LUNGHEZZA FILTRO COUNT[bit]:	1302554
*** BF STABLE *** DECREM POS:	16
*** BF STABLE *** Number of Interfaces INIT:	2
*** BF STABLE *** Extract Optimum
*** BF STABLE *** LUNGHEZZA FILTRO [bit]:	651269
HASH FUNCTIONS:	4
*** BF STABLE *** LUNGHEZZA FILTRO COUNT[bit]:	1302554
*** BF STABLE *** DECREM POS:	16
*** BF STABLE *** Number of Interfaces INIT:	6
*** BF STABLE *** Extract Optimum
*** BF STABLE *** LUNGHEZZA FILTRO [bit]:	651269
HASH FUNCTIONS:	4
*** BF STABLE *** LUNGHEZZA FILTRO COUNT[bit]:	1302554
*** BF STABLE *** DECREM POS:	16
*** BF STABLE *** Number of Interfaces INIT:	5
*** BF STABLE *** Extract Optimum
*** BF STABLE *** LUNGHEZZA FILTRO [bit]:	651269
HASH FUNCTIONS:	4
*** BF STABLE *** LUNGHEZZA FILTRO COUNT[bit]:	1302554
*** BF STABLE *** DECREM POS:	16
*** BF STABLE *** Number of Interfaces INIT:	2
*** BF STABLE *** Extract Optimum
*** BF STABLE *** LUNGHEZZA FILTRO [bit]:	651269
HASH FUNCTIONS:	4
*** BF STABLE *** LUNGHEZZA FILTRO COUNT[bit]:	1302554
*** BF STABLE *** DECREM POS:	16
*** BF STABLE *** Number of Interfaces INIT:	4
*** BF STABLE *** Extract Optimum
*** BF STABLE *** LUNGHEZZA FILTRO [bit]:	651269
HASH FUNCTIONS:	4
*** BF STABLE *** LUNGHEZZA FILTRO COUNT[bit]:	1302554
*** BF STABLE *** DECREM POS:	16
*** BF STABLE *** Number of Interfaces INIT:	5
*** BF STABLE *** Extract Optimum
*** BF STABLE *** LUNGHEZZA FILTRO [bit]:	651269
HASH FUNCTIONS:	4
*** BF STABLE *** LUNGHEZZA FILTRO COUNT[bit]:	1302554
*** BF STABLE *** DECREM POS:	16
*** BF STABLE *** Number of Interfaces INIT:	2
*** BF STABLE *** Extract Optimum
*** BF STABLE *** LUNGHEZZA FILTRO [bit]:	651269
HASH FUNCTIONS:	4
*** BF STABLE *** LUNGHEZZA FILTRO COUNT[bit]:	1302554
*** BF STABLE *** DECREM POS:	16
*** BF STABLE *** Number of Interfaces INIT:	3
*** BF STABLE *** Extract Optimum
*** BF STABLE *** LUNGHEZZA FILTRO [bit]:	651269
HASH FUNCTIONS:	4
*** BF STABLE *** LUNGHEZZA FILTRO COUNT[bit]:	1302554
*** BF STABLE *** DECREM POS:	16
*** BF STABLE *** Number of Interfaces INIT:	4
*** BF STABLE *** Extract Optimum
*** BF STABLE *** LUNGHEZZA FILTRO [bit]:	651269
HASH FUNCTIONS:	4
*** BF STABLE *** LUNGHEZZA FILTRO COUNT[bit]:	1302554
*** BF STABLE *** DECREM POS:	16
The number of consumer is:	20
Il Valore di Alpha è:1
Il Valore di Alpha è:1
Il Valore di Alpha è:1
Il Valore di Alpha è:1
Il Valore di Alpha è:1
Il Valore di Alpha è:1
Il Valore di Alpha è:1
Il Valore di Alpha è:1
Il Valore di Alpha è:1
Il Valore di Alpha è:1
Il Valore di Alpha è:1
Il Valore di Alpha è:1
Il Valore di Alpha è:1
Il Valore di Alpha è:1
Il Valore di Alpha è:1
Il Valore di Alpha è:1
Il Valore di Alpha è:1
Il Valore di Alpha è:1
Il Valore di Alpha è:1
Il Valore di Alpha è:1
NODE:	9	 APP-LAYER RECEIVED DATA:	/93	2001447
NODE:	3	 APP-LAYER RECEIVED DATA:	/55178	2002448
NODE:	4	 APP-LAYER RECEIVED DATA:	/55	2003495
NODE:	16	 APP-LAYER RECEIVED DATA:	/2	2004047
NODE:	15	 APP-LAYER RECEIVED DATA:	/22564	2004608
NODE:	8	 APP-LAYER RECEIVED DATA:	/12172	2005993
NODE:	18	 APP-LAYER RECEIVED DATA:	/2	2007047
NODE:	1	 APP-LAYER RECEIVED DATA:	/4	2008047
NODE:	19	 APP-LAYER RECEIVED DATA:	/2	2008093
NODE:	5	 APP-LAYER RECEIVED DATA:	/5644	2008496
NODE:	2	 APP-LAYER RECEIVED DATA:	/654	2012495
NODE:	14	 APP-LAYER RECEIVED DATA:	/28683	2018545
NODE:	6	 APP-LAYER RECEIVED DATA:	/1	2035543
NODE:	20	 APP-LAYER RECEIVED DATA:	/1	2039635
NODE:	13	 APP-LAYER RECEIVED DATA:	/1	2046047
NODE:	11	 APP-LAYER RECEIVED DATA:	/2	2053247
NODE:	21	 APP-LAYER RECEIVED DATA:	/3	3223486
NODE:	0	 APP-LAYER RECEIVED DATA:	/52157	3943893
NODE:	7	 APP-LAYER RECEIVED DATA:	/10	3999200
NODE:	10	 APP-LAYER RECEIVED DATA:	/2660	4363449
Node #1
/183
/2364
/1169
/287
/2593
/196
/21
/255
/89390
/2

Node #2
/331
/287
/2593
/196
/10
/21
/255
/89390
/4
/160

Node #3
/33
/37
/211
/126
/70
/47101
/2364
/123
/196
/21

Node #4
/217
/4
/354
/196
/52
/21
/1405
/10209
/27946
/2223

Node #5
/100
/3715
/331
/287
/2593
/8
/10
/10209
/4
/160

Node #6
/217
/1
/354
/52
/8
/10
/1405
/17
/27946
/2223

Node #7
/162
/1
/4
/4694
/421
/218
/20011
/8
/10
/17

Node #8
/233
/62
/218
/20011
/100
/331
/2593
/8
/10
/160

Node #9
/5782
/797
/42286
/4694
/211
/20789
/233
/100
/2593
/160

Node #10
/5782
/797
/4694
/211
/20789
/1
/233
/380
/2593
/116

Node #11
/797
/1878
/4694
/20789
/233
/380
/2593
/1646
/116
/1

Node #12
/1
/20789
/233
/380
/24879
/19838
/4
/2593
/1646
/116

Node #13

Node #14
/52
/196
/21
/255
/1405
/10209
/89390
/17
/27946
/2223

Node #15
/2430
/56
/21
/1405
/255
/10209
/89390
/17
/27946
/2223

Node #16
/158
/8
/1646
/10
/3191
/21
/255
/89390
/4
/160

Node #17
/1169
/31685
/3046
/6556
/477
/287
/8
/2430
/56
/57444

Node #18

Node #19
/94
/3046
/3715
/477
/287
/2430
/2
/56
/10209
/89390

Node #20
/12
/180
/8
/1
/11493
/2
/33058
/3
/8569
/10

Node #21
/123
/258
/2
/22
/183
/10
/16
/287
/1
/89390

Node #22
/183
/2364
/1169
/287
/2593
/196
/21
/255
/89390
/2

DISTRUTTORE BLOOM STABLE!
DISTRUTTORE BLOOM STABLE!
DISTRUTTORE BLOOM STABLE!
DISTRUTTORE BLOOM STABLE!
DISTRUTTORE BLOOM STABLE!
DISTRUTTORE BLOOM STABLE!
DISTRUTTORE BLOOM STABLE!
DISTRUTTORE BLOOM STABLE!
DISTRUTTORE BLOOM STABLE!
DISTRUTTORE BLOOM STABLE!
DISTRUTTORE BLOOM STABLE!
DISTRUTTORE BLOOM STABLE!
DISTRUTTORE BLOOM STABLE!
DISTRUTTORE BLOOM STABLE!
DISTRUTTORE BLOOM STABLE!
DISTRUTTORE BLOOM STABLE!
DISTRUTTORE BLOOM STABLE!
DISTRUTTORE BLOOM STABLE!
DISTRUTTORE BLOOM STABLE!
DISTRUTTORE BLOOM STABLE!
DISTRUTTORE BLOOM STABLE!
DISTRUTTORE BLOOM STABLE!
